{"message":"No token provided...","level":"error","timestamp":"2020-10-01T03:16:17.622Z"}
{"message":"No token provided...","level":"error","timestamp":"2020-10-01T03:17:04.736Z"}
{"message":"No token provided...","level":"error","timestamp":"2020-10-01T03:17:29.383Z"}
{"message":"No token provided...","level":"error","timestamp":"2020-10-01T03:17:58.512Z"}
{"message":"No token provided...","level":"error","timestamp":"2020-10-01T03:18:08.941Z"}
{"message":"No token provided...","level":"error","timestamp":"2020-10-01T03:18:16.450Z"}
{"message":"No token provided...","level":"error","timestamp":"2020-10-01T03:19:19.678Z"}
{"message":"No token provided...","level":"error","timestamp":"2020-10-01T03:20:30.443Z"}
{"message":"No token provided...","level":"error","timestamp":"2020-10-01T03:20:41.868Z"}
{"message":"login token has verified","level":"info","timestamp":"2020-10-01T03:20:49.952Z"}
{"message":"No token provided...","level":"error","timestamp":"2020-10-01T03:21:59.044Z"}
{"message":"No token provided...","level":"error","timestamp":"2020-10-01T03:22:25.709Z"}
{"message":"login token has verified","level":"info","timestamp":"2020-10-01T03:22:57.482Z"}
{"message":"login token has verified","level":"info","timestamp":"2020-10-01T07:08:55.916Z"}
{"message":"updetion failed. Error: WHERE parameter \"note_id\" has invalid \"undefined\" value","level":"error","timestamp":"2020-10-01T07:08:55.937Z"}
{"message":"login token has verified","level":"info","timestamp":"2020-10-01T07:09:25.676Z"}
{"message":"updetion failed. SequelizeDatabaseError: column \"note_id\" does not exist","level":"error","timestamp":"2020-10-01T07:09:25.947Z"}
{"message":"login token has verified","level":"info","timestamp":"2020-10-01T07:09:39.717Z"}
{"message":"congrats You Are Successsfully updated the note","level":"info","timestamp":"2020-10-01T07:09:39.868Z"}
{"message":"login token has verified","level":"info","timestamp":"2020-10-01T07:10:49.653Z"}
{"message":"deletion failed. Some issue in deleting the noteerror: Sorry no such note found: ","level":"error","timestamp":"2020-10-01T07:10:49.667Z"}
{"message":"login token has verified","level":"info","timestamp":"2020-10-01T07:12:55.906Z"}
{"message":"Successsfully deleted the note","level":"info","timestamp":"2020-10-01T07:12:56.056Z"}
