{"message":"note creation failed","level":"error","timestamp":"2020-09-27T23:37:48.169Z"}
{"message":"note creation failed","level":"error","timestamp":"2020-09-27T23:39:45.354Z"}
{"message":"note creation failed","level":"error","timestamp":"2020-09-27T23:40:09.176Z"}
{"message":"note creation failed","level":"error","timestamp":"2020-09-27T23:41:37.674Z"}
{"message":"note creation failed","level":"error","timestamp":"2020-09-27T23:41:37.693Z"}
{"message":"note creation failed","level":"error","timestamp":"2020-09-27T23:44:04.019Z"}
{"message":"note creation failed","level":"error","timestamp":"2020-09-27T23:44:04.023Z"}
{"message":"note creation failed","level":"error","timestamp":"2020-09-27T23:44:55.355Z"}
{"message":"note creation failed","level":"error","timestamp":"2020-09-27T23:44:55.367Z"}
{"message":"note creation failed","level":"error","timestamp":"2020-09-27T23:45:02.958Z"}
{"message":"note creation failed","level":"error","timestamp":"2020-09-27T23:45:02.961Z"}
{"message":"note creation failed","level":"error","timestamp":"2020-09-27T23:45:07.449Z"}
{"message":"note creation failed","level":"error","timestamp":"2020-09-27T23:45:07.462Z"}
{"message":"note creation failed","level":"error","timestamp":"2020-09-27T23:45:10.549Z"}
{"message":"note creation failed","level":"error","timestamp":"2020-09-27T23:45:10.568Z"}
{"message":"note creation failed","level":"error","timestamp":"2020-09-27T23:45:11.100Z"}
{"message":"note creation failed","level":"error","timestamp":"2020-09-27T23:45:11.114Z"}
{"message":"note creation failed","level":"error","timestamp":"2020-09-27T23:45:15.838Z"}
{"message":"note creation failed","level":"error","timestamp":"2020-09-27T23:45:15.850Z"}
{"message":"note creation failed","level":"error","timestamp":"2020-09-27T23:47:30.528Z"}
{"message":"note creation failed","level":"error","timestamp":"2020-09-27T23:47:30.536Z"}
{"message":"note creation failed","level":"error","timestamp":"2020-09-27T23:48:01.372Z"}
{"message":"note creation failed","level":"error","timestamp":"2020-09-27T23:48:01.380Z"}
{"message":"note creation failed","level":"error","timestamp":"2020-09-27T23:48:26.174Z"}
{"message":"note creation failed","level":"error","timestamp":"2020-09-27T23:48:26.183Z"}
{"message":"note creation failed","level":"error","timestamp":"2020-09-27T23:48:56.656Z"}
{"message":"note creation failed","level":"error","timestamp":"2020-09-27T23:49:31.509Z"}
{"message":"note creation failed","level":"error","timestamp":"2020-09-28T07:20:07.642Z"}
{"message":"updetion failed. SequelizeDatabaseError: invalid input syntax for integer: \"Ankit's notes\"","level":"error","timestamp":"2020-09-28T07:20:07.836Z"}
{"message":"note creation failed","level":"error","timestamp":"2020-09-28T07:20:36.757Z"}
{"message":"deletion failed. Some issue in deleting the noteTypeError: note.delete is not a function","level":"error","timestamp":"2020-09-28T07:30:11.469Z"}
{"message":"deletion failed. Some issue in deleting the noteerror: ReferenceError: noteid is not defined","level":"error","timestamp":"2020-09-28T07:30:50.576Z"}
{"message":"deletion failed. Some issue in deleting the noteerror: TypeError: this.findNote is not a function","level":"error","timestamp":"2020-09-28T07:31:16.038Z"}
{"message":"deletion failed. Some issue in deleting the noteerror: TypeError: this.noteModel.findNote is not a function","level":"error","timestamp":"2020-09-28T07:31:39.566Z"}
{"message":"deletion failed. Some issue in deleting the noteerror: ReferenceError: noteModel is not defined","level":"error","timestamp":"2020-09-28T07:33:55.813Z"}
{"message":"deletion failed. Some issue in deleting the noteerror: Sorry no such note found","level":"error","timestamp":"2020-09-28T07:35:36.892Z"}
{"message":"deletion failed. Some issue in deleting the noteerror: Sorry no such note found: ","level":"error","timestamp":"2020-09-28T07:37:05.417Z"}
{"message":"deletion failed. Some issue in deleting the noteerror: Sorry no such note found: ","level":"error","timestamp":"2020-09-28T07:38:16.703Z"}
{"message":"deletion failed. Some issue in deleting the noteerror: Sorry no such note found: ","level":"error","timestamp":"2020-09-28T07:38:52.548Z"}
{"message":"deletion failed. Some issue in deleting the noteerror: Sorry no such note found: ","level":"error","timestamp":"2020-09-28T07:39:19.571Z"}
{"message":"deletion failed. Some issue in deleting the noteerror: Sorry no such note found: ","level":"error","timestamp":"2020-09-28T07:39:39.272Z"}
{"message":"deletion failed. Some issue in deleting the noteerror: Sorry Some issue come in deleting the note: ","level":"error","timestamp":"2020-09-28T07:39:57.250Z"}
{"message":"deletion failed. Some issue in deleting the noteerror: Sorry Some issue come in deleting the note: ","level":"error","timestamp":"2020-09-28T07:41:24.194Z"}
{"message":"deletion failed. Some issue in deleting the noteerror: SequelizeDatabaseError: column \"notei_d\" does not exist","level":"error","timestamp":"2020-09-28T07:41:52.587Z"}
{"message":"deletion failed. Some issue in deleting the noteerror: Sorry Some issue come in deleting the note: ","level":"error","timestamp":"2020-09-28T07:42:15.384Z"}
{"message":"deletion failed. Some issue in deleting the noteerror: Sorry Some issue come in deleting the note: ","level":"error","timestamp":"2020-09-28T07:42:28.181Z"}
{"message":"invalid token or token has expired","level":"error","timestamp":"2020-09-28T10:46:07.559Z"}
{"message":"invalid token or token has expired","level":"error","timestamp":"2020-09-28T21:19:26.562Z"}
{"message":"note creation failed","level":"error","timestamp":"2020-09-28T21:25:37.192Z"}
{"message":"Some issue in reading notes","level":"error","timestamp":"2020-09-28T21:25:37.403Z"}
{"message":"note creation failed","level":"error","timestamp":"2020-09-28T21:26:23.606Z"}
{"message":"Some issue in reading notes","level":"error","timestamp":"2020-09-28T21:26:23.749Z"}
{"message":"note creation failed","level":"error","timestamp":"2020-09-28T21:27:00.367Z"}
{"message":"Some issue in reading notes","level":"error","timestamp":"2020-09-28T21:27:00.538Z"}
{"message":"note creation failed","level":"error","timestamp":"2020-09-28T21:27:52.068Z"}
{"message":"note creation failed","level":"error","timestamp":"2020-09-28T21:28:06.762Z"}
{"message":"note creation failed","level":"error","timestamp":"2020-09-28T21:28:50.413Z"}
{"message":"note creation failed","level":"error","timestamp":"2020-09-28T21:30:08.387Z"}
{"message":"note creation failed","level":"error","timestamp":"2020-09-28T21:30:52.774Z"}
{"message":"Some issue in reading notes","level":"error","timestamp":"2020-09-28T21:30:53.031Z"}
{"message":"note creation failed","level":"error","timestamp":"2020-09-28T21:31:33.171Z"}
{"message":"note creation failed","level":"error","timestamp":"2020-09-28T22:06:19.168Z"}
{"message":"Some issue in reading notes","level":"error","timestamp":"2020-09-28T22:06:19.454Z"}
{"message":"note creation failed","level":"error","timestamp":"2020-09-28T22:07:12.777Z"}
{"message":"Some issue in reading notes","level":"error","timestamp":"2020-09-28T22:07:12.916Z"}
{"message":"note creation failed","level":"error","timestamp":"2020-09-28T22:13:37.670Z"}
{"message":"note creation failed","level":"error","timestamp":"2020-09-28T22:13:43.945Z"}
{"message":"note creation failed","level":"error","timestamp":"2020-09-28T22:13:47.758Z"}
{"message":"note creation failed","level":"error","timestamp":"2020-09-28T22:13:52.231Z"}
{"message":"note creation failed","level":"error","timestamp":"2020-09-28T22:14:04.647Z"}
{"message":"Some issue in reading notes","level":"error","timestamp":"2020-09-28T22:14:04.789Z"}
{"message":"note creation failed","level":"error","timestamp":"2020-09-28T22:19:01.446Z"}
{"message":"Some issue in reading notes","level":"error","timestamp":"2020-09-28T22:19:01.686Z"}
{"message":"note creation failed","level":"error","timestamp":"2020-09-28T22:19:51.766Z"}
{"message":"note creation failed","level":"error","timestamp":"2020-09-28T22:20:03.238Z"}
{"message":"note creation failed","level":"error","timestamp":"2020-09-28T22:20:25.221Z"}
{"message":"note creation failed","level":"error","timestamp":"2020-09-28T22:28:51.088Z"}
{"message":"note creation failed","level":"error","timestamp":"2020-09-28T22:51:45.509Z"}
{"message":"note creation failed","level":"error","timestamp":"2020-09-28T23:12:57.647Z"}
{"message":"note creation failed","level":"error","timestamp":"2020-09-28T23:13:29.349Z"}
{"message":"note creation failed","level":"error","timestamp":"2020-09-28T23:14:25.261Z"}
{"message":"note creation failed","level":"error","timestamp":"2020-09-28T23:18:05.937Z"}
{"message":"note creation failed","level":"error","timestamp":"2020-09-28T23:18:44.584Z"}
{"message":"note creation failed","level":"error","timestamp":"2020-09-29T06:18:09.590Z"}
{"message":"note creation failed","level":"error","timestamp":"2020-09-29T06:18:20.180Z"}
{"message":"note creation failed","level":"error","timestamp":"2020-09-29T06:29:07.248Z"}
{"message":"note creation failed","level":"error","timestamp":"2020-09-29T06:29:35.867Z"}
{"message":"note creation failed","level":"error","timestamp":"2020-09-29T06:30:00.693Z"}
{"message":"note creation failed","level":"error","timestamp":"2020-09-29T06:30:20.297Z"}
{"message":"note creation failed","level":"error","timestamp":"2020-09-29T06:31:53.644Z"}
{"message":"Some issue in reading notes","level":"error","timestamp":"2020-09-29T06:31:53.903Z"}
{"message":"note creation failed","level":"error","timestamp":"2020-09-29T06:32:48.901Z"}
{"message":"note creation failed","level":"error","timestamp":"2020-09-29T06:33:02.446Z"}
{"message":"note creation failed","level":"error","timestamp":"2020-09-29T06:33:26.298Z"}
{"message":"note creation failed","level":"error","timestamp":"2020-09-29T06:33:52.794Z"}
{"message":"note creation failed","level":"error","timestamp":"2020-09-29T06:34:09.226Z"}
{"message":"note creation failed","level":"error","timestamp":"2020-09-29T06:34:13.355Z"}
{"message":"note creation failed","level":"error","timestamp":"2020-09-29T06:35:05.934Z"}
{"message":"note creation failed","level":"error","timestamp":"2020-09-29T06:35:08.938Z"}
{"message":"note creation failed","level":"error","timestamp":"2020-09-29T06:49:10.154Z"}
{"message":"note creation failed","level":"error","timestamp":"2020-09-29T06:50:01.949Z"}
{"message":"note creation failed","level":"error","timestamp":"2020-09-29T06:50:36.376Z"}
{"message":"note creation failed","level":"error","timestamp":"2020-09-29T06:50:37.996Z"}
{"message":"note creation failed","level":"error","timestamp":"2020-09-29T07:18:18.177Z"}
{"message":"note creation failed","level":"error","timestamp":"2020-09-29T07:18:37.436Z"}
{"message":"invalid token or token has expired","level":"error","timestamp":"2020-09-29T07:25:42.079Z"}
{"message":"invalid token or token has expired","level":"error","timestamp":"2020-09-29T07:25:48.957Z"}
{"message":"note creation failed","level":"error","timestamp":"2020-09-29T07:33:04.108Z"}
{"message":"note creation failed","level":"error","timestamp":"2020-09-29T07:33:13.000Z"}
{"message":"login token has verified","level":"error","timestamp":"2020-09-29T08:14:59.290Z"}
{"message":"login token has verified","level":"error","timestamp":"2020-09-29T08:15:46.720Z"}
{"message":"login token has verified","level":"error","timestamp":"2020-09-29T18:40:09.521Z"}
{"message":"login token has verified","level":"error","timestamp":"2020-09-29T18:40:48.590Z"}
{"message":"login token has verified","level":"error","timestamp":"2020-09-29T18:42:43.370Z"}
{"message":"login token has verified","level":"error","timestamp":"2020-09-29T20:58:27.776Z"}
{"message":"note creation failed","level":"error","timestamp":"2020-09-29T20:58:27.779Z"}
{"message":"login token has verified","level":"error","timestamp":"2020-09-29T21:01:41.480Z"}
{"message":"note creation failed","level":"error","timestamp":"2020-09-29T21:01:41.483Z"}
{"message":"login token has verified","level":"error","timestamp":"2020-09-29T21:01:46.191Z"}
{"message":"note creation failed","level":"error","timestamp":"2020-09-29T21:01:46.192Z"}
{"message":"login token has verified","level":"error","timestamp":"2020-09-29T21:01:53.471Z"}
{"message":"login token has verified","level":"error","timestamp":"2020-09-29T21:27:40.071Z"}
{"message":"Some issue in reading notes","level":"error","timestamp":"2020-09-29T21:27:40.232Z"}
{"message":"login token has verified","level":"error","timestamp":"2020-09-29T21:28:02.395Z"}
{"message":"login token has verified","level":"error","timestamp":"2020-09-29T21:39:55.683Z"}
{"message":"Some issue in reading notes","level":"error","timestamp":"2020-09-29T21:39:55.893Z"}
{"message":"login token has verified","level":"error","timestamp":"2020-09-29T21:40:45.059Z"}
{"message":"Some issue in reading notes","level":"error","timestamp":"2020-09-29T21:40:45.194Z"}
{"message":"login token has verified","level":"error","timestamp":"2020-09-29T21:42:05.729Z"}
{"message":"Some issue in reading notes","level":"error","timestamp":"2020-09-29T21:42:05.745Z"}
{"message":"login token has verified","level":"error","timestamp":"2020-09-29T21:45:46.663Z"}
{"message":"Some issue in reading notes","level":"error","timestamp":"2020-09-29T21:45:46.678Z"}
{"message":"login token has verified","level":"error","timestamp":"2020-09-29T21:48:57.479Z"}
{"message":"Some issue in reading notes","level":"error","timestamp":"2020-09-29T21:48:57.499Z"}
{"message":"login token has verified","level":"error","timestamp":"2020-09-29T21:49:24.598Z"}
{"message":"Some issue in reading notes","level":"error","timestamp":"2020-09-29T21:49:24.616Z"}
{"message":"login token has verified","level":"error","timestamp":"2020-09-29T21:49:45.008Z"}
{"message":"Some issue in reading notes","level":"error","timestamp":"2020-09-29T21:49:45.025Z"}
{"message":"login token has verified","level":"error","timestamp":"2020-09-29T21:50:00.291Z"}
{"message":"Some issue in reading notes","level":"error","timestamp":"2020-09-29T21:50:00.430Z"}
{"message":"login token has verified","level":"error","timestamp":"2020-09-29T21:51:15.998Z"}
{"message":"Some issue in reading notes","level":"error","timestamp":"2020-09-29T21:51:16.128Z"}
{"message":"login token has verified","level":"error","timestamp":"2020-09-29T21:54:11.007Z"}
{"message":"Some issue in reading notes","level":"error","timestamp":"2020-09-29T21:54:11.169Z"}
{"message":"login token has verified","level":"error","timestamp":"2020-09-29T21:54:43.801Z"}
{"message":"Some issue in reading notes: ","level":"error","timestamp":"2020-09-29T21:54:44.040Z"}
{"message":"login token has verified","level":"error","timestamp":"2020-09-29T21:54:48.860Z"}
{"message":"Some issue in reading notes: ","level":"error","timestamp":"2020-09-29T21:54:48.995Z"}
{"message":"login token has verified","level":"error","timestamp":"2020-09-29T21:54:57.739Z"}
{"message":"Some issue in reading notes: ","level":"error","timestamp":"2020-09-29T21:54:57.972Z"}
{"message":"login token has verified","level":"error","timestamp":"2020-09-29T21:55:26.882Z"}
{"message":"Some issue in reading notes: ","level":"error","timestamp":"2020-09-29T21:55:26.957Z"}
{"message":"login token has verified","level":"error","timestamp":"2020-09-29T21:55:58.629Z"}
{"message":"Some issue in reading notes: ","level":"error","timestamp":"2020-09-29T21:55:58.762Z"}
{"message":"login token has verified","level":"error","timestamp":"2020-09-29T21:56:23.288Z"}
{"message":"Some issue in reading notes: ","level":"error","timestamp":"2020-09-29T21:56:23.525Z"}
{"message":"login token has verified","level":"error","timestamp":"2020-09-29T21:57:04.165Z"}
{"message":"Some issue in reading notes: ","level":"error","timestamp":"2020-09-29T21:57:04.287Z"}
{"message":"login token has verified","level":"error","timestamp":"2020-09-29T21:57:34.094Z"}
{"message":"Some issue in reading notes: ","level":"error","timestamp":"2020-09-29T21:57:34.228Z"}
{"message":"login token has verified","level":"error","timestamp":"2020-09-29T21:57:41.211Z"}
{"message":"Some issue in reading notes: ","level":"error","timestamp":"2020-09-29T21:57:41.227Z"}
{"message":"login token has verified","level":"error","timestamp":"2020-09-29T21:57:48.372Z"}
{"message":"Some issue in reading notes: ","level":"error","timestamp":"2020-09-29T21:57:48.507Z"}
{"message":"login token has verified","level":"error","timestamp":"2020-09-29T21:58:44.378Z"}
{"message":"Some issue in reading notes: ","level":"error","timestamp":"2020-09-29T21:58:44.511Z"}
{"message":"login token has verified","level":"error","timestamp":"2020-09-29T21:59:20.947Z"}
{"message":"Some issue in reading notes: ","level":"error","timestamp":"2020-09-29T21:59:21.058Z"}
{"message":"login token has verified","level":"error","timestamp":"2020-09-29T22:00:09.401Z"}
{"message":"Some issue in reading notes: ","level":"error","timestamp":"2020-09-29T22:00:09.614Z"}
{"message":"login token has verified","level":"error","timestamp":"2020-09-29T22:00:59.922Z"}
{"message":"login token has verified","level":"error","timestamp":"2020-09-29T22:01:47.395Z"}
{"message":"login token has verified","level":"error","timestamp":"2020-09-29T22:03:21.588Z"}
{"message":"login token has verified","level":"error","timestamp":"2020-09-29T22:05:39.773Z"}
{"message":"login token has verified","level":"error","timestamp":"2020-09-29T22:05:51.850Z"}
{"message":"login token has verified","level":"error","timestamp":"2020-09-29T22:06:28.480Z"}
{"message":"login token has verified","level":"error","timestamp":"2020-09-30T07:07:58.350Z"}
{"message":"note creation failed","level":"error","timestamp":"2020-09-30T07:07:58.564Z"}
{"message":"login token has verified","level":"error","timestamp":"2020-09-30T07:13:44.752Z"}
{"message":"note creation failed","level":"error","timestamp":"2020-09-30T07:13:44.792Z"}
{"message":"login token has verified","level":"error","timestamp":"2020-09-30T07:14:39.669Z"}
{"message":"note creation failed","level":"error","timestamp":"2020-09-30T07:14:39.810Z"}
{"message":"login token has verified","level":"error","timestamp":"2020-09-30T07:15:30.266Z"}
{"message":"note creation failed","level":"error","timestamp":"2020-09-30T07:15:30.384Z"}
{"message":"login token has verified","level":"error","timestamp":"2020-09-30T07:15:59.228Z"}
{"message":"note creation failed","level":"error","timestamp":"2020-09-30T07:15:59.274Z"}
{"message":"login token has verified","level":"error","timestamp":"2020-09-30T07:16:50.062Z"}
{"message":"note creation failed","level":"error","timestamp":"2020-09-30T07:16:50.106Z"}
{"message":"login token has verified","level":"error","timestamp":"2020-09-30T07:17:18.681Z"}
{"message":"login token has verified","level":"error","timestamp":"2020-09-30T07:18:32.459Z"}
{"message":"login token has verified","level":"error","timestamp":"2020-09-30T07:19:42.954Z"}
{"message":"login token has verified","level":"error","timestamp":"2020-09-30T07:20:41.462Z"}
{"message":"login token has verified","level":"error","timestamp":"2020-09-30T07:23:23.462Z"}
{"message":"login token has verified","level":"error","timestamp":"2020-09-30T07:26:28.591Z"}
{"message":"login token has verified","level":"error","timestamp":"2020-09-30T07:27:20.958Z"}
{"message":"login token has verified","level":"error","timestamp":"2020-09-30T07:29:29.934Z"}
{"message":"login token has verified","level":"error","timestamp":"2020-09-30T07:30:03.312Z"}
{"message":"login token has verified","level":"error","timestamp":"2020-09-30T07:30:08.457Z"}
{"message":"login token has verified","level":"error","timestamp":"2020-09-30T07:30:24.343Z"}
{"message":"login token has verified","level":"error","timestamp":"2020-09-30T07:32:52.138Z"}
{"message":"login token has verified","level":"error","timestamp":"2020-09-30T07:33:00.594Z"}
{"message":"login token has verified","level":"error","timestamp":"2020-09-30T07:33:06.779Z"}
{"message":"login token has verified","level":"error","timestamp":"2020-09-30T07:33:41.137Z"}
{"message":"login token has verified","level":"error","timestamp":"2020-09-30T07:33:58.821Z"}
{"message":"login token has verified","level":"error","timestamp":"2020-09-30T07:34:05.374Z"}
{"message":"login token has verified","level":"error","timestamp":"2020-09-30T07:35:20.568Z"}
{"message":"login token has verified","level":"error","timestamp":"2020-09-30T07:35:25.364Z"}
{"message":"login token has verified","level":"error","timestamp":"2020-09-30T07:35:45.899Z"}
{"message":"login token has verified","level":"error","timestamp":"2020-09-30T07:35:57.665Z"}
{"message":"login token has verified","level":"error","timestamp":"2020-09-30T07:37:14.381Z"}
{"message":"login token has verified","level":"error","timestamp":"2020-09-30T07:37:40.211Z"}
{"message":"login token has verified","level":"error","timestamp":"2020-09-30T07:37:52.726Z"}
{"message":"login token has verified","level":"error","timestamp":"2020-09-30T07:38:04.593Z"}
{"message":"login token has verified","level":"error","timestamp":"2020-09-30T07:38:43.765Z"}
{"message":"login token has verified","level":"error","timestamp":"2020-09-30T07:40:36.298Z"}
{"message":"login token has verified","level":"error","timestamp":"2020-09-30T07:45:36.829Z"}
{"message":"login token has verified","level":"error","timestamp":"2020-09-30T07:46:39.022Z"}
{"message":"login token has verified","level":"error","timestamp":"2020-09-30T07:46:46.567Z"}
{"message":"login token has verified","level":"error","timestamp":"2020-09-30T07:47:04.965Z"}
{"message":"Some issue in reading notes: ","level":"error","timestamp":"2020-09-30T07:47:05.084Z"}
{"message":"login token has verified","level":"error","timestamp":"2020-09-30T07:47:20.982Z"}
{"message":"login token has verified","level":"error","timestamp":"2020-09-30T07:47:25.258Z"}
{"message":"login token has verified","level":"error","timestamp":"2020-09-30T07:47:46.356Z"}
{"message":"login token has verified","level":"error","timestamp":"2020-09-30T07:47:50.929Z"}
{"message":"login token has verified","level":"error","timestamp":"2020-09-30T07:49:27.859Z"}
{"message":"login token has verified","level":"error","timestamp":"2020-09-30T07:51:01.223Z"}
{"message":"login token has verified","level":"error","timestamp":"2020-09-30T07:51:13.022Z"}
{"message":"login token has verified","level":"error","timestamp":"2020-09-30T07:51:37.689Z"}
{"message":"login token has verified","level":"error","timestamp":"2020-09-30T07:51:46.949Z"}
{"message":"login token has verified","level":"error","timestamp":"2020-09-30T08:02:20.549Z"}
{"message":"login token has verified","level":"error","timestamp":"2020-09-30T08:07:29.072Z"}
{"message":"login token has verified","level":"error","timestamp":"2020-09-30T08:07:45.393Z"}
{"message":"login token has verified","level":"error","timestamp":"2020-09-30T08:07:58.457Z"}
{"message":"login token has verified","level":"error","timestamp":"2020-09-30T08:08:15.601Z"}
{"message":"login token has verified","level":"error","timestamp":"2020-09-30T08:08:26.785Z"}
{"message":"login token has verified","level":"error","timestamp":"2020-09-30T08:08:35.672Z"}
{"message":"login token has verified","level":"error","timestamp":"2020-09-30T08:08:48.788Z"}
{"message":"login token has verified","level":"error","timestamp":"2020-09-30T08:11:50.705Z"}
{"message":"login token has verified","level":"error","timestamp":"2020-09-30T08:16:50.830Z"}
{"message":"login token has verified","level":"error","timestamp":"2020-09-30T08:16:57.647Z"}
{"message":"login token has verified","level":"error","timestamp":"2020-09-30T08:19:04.098Z"}
{"message":"login token has verified","level":"error","timestamp":"2020-09-30T08:19:09.849Z"}
{"message":"note creation failed","level":"error","timestamp":"2020-09-30T08:19:10.102Z"}
{"message":"login token has verified","level":"error","timestamp":"2020-09-30T08:20:38.128Z"}
{"message":"login token has verified","level":"error","timestamp":"2020-09-30T08:20:47.112Z"}
{"message":"login token has verified","level":"error","timestamp":"2020-09-30T08:20:54.828Z"}
{"message":"login token has verified","level":"error","timestamp":"2020-09-30T08:24:49.808Z"}
{"message":"note creation failed","level":"error","timestamp":"2020-09-30T08:24:49.897Z"}
{"message":"login token has verified","level":"error","timestamp":"2020-09-30T08:25:10.084Z"}
{"message":"note creation failed","level":"error","timestamp":"2020-09-30T08:25:10.098Z"}
{"message":"login token has verified","level":"error","timestamp":"2020-09-30T08:25:33.992Z"}
{"message":"note creation failed","level":"error","timestamp":"2020-09-30T08:25:34.007Z"}
{"message":"login token has verified","level":"error","timestamp":"2020-09-30T08:32:03.948Z"}
{"message":"note creation failed","level":"error","timestamp":"2020-09-30T08:32:03.970Z"}
{"message":"login token has verified","level":"error","timestamp":"2020-09-30T08:32:28.098Z"}
{"message":"note creation failed","level":"error","timestamp":"2020-09-30T08:32:28.107Z"}
{"message":"login token has verified","level":"error","timestamp":"2020-09-30T08:33:45.641Z"}
{"message":"note creation failed","level":"error","timestamp":"2020-09-30T08:33:45.657Z"}
{"message":"login token has verified","level":"error","timestamp":"2020-09-30T08:34:37.115Z"}
{"message":"login token has verified","level":"error","timestamp":"2020-09-30T08:35:14.647Z"}
{"message":"Some issue in reading notes: ","level":"error","timestamp":"2020-09-30T08:35:14.711Z"}
{"message":"login token has verified","level":"error","timestamp":"2020-09-30T08:35:49.542Z"}
{"message":"login token has verified","level":"error","timestamp":"2020-09-30T08:35:55.628Z"}
{"message":"login token has verified","level":"error","timestamp":"2020-09-30T08:39:03.077Z"}
{"message":"login token has verified","level":"error","timestamp":"2020-09-30T08:51:19.350Z"}
{"message":"note creation failed","level":"error","timestamp":"2020-09-30T09:52:13.372Z"}
{"message":"note creation failed","level":"error","timestamp":"2020-09-30T09:52:53.827Z"}
{"message":"note creation failed","level":"error","timestamp":"2020-09-30T09:53:58.564Z"}
{"message":"invalid token or token has expired","level":"error","timestamp":"2020-09-30T09:55:19.192Z"}
{"message":"invalid token or token has expired","level":"error","timestamp":"2020-09-30T09:55:34.127Z"}
{"message":"invalid token or token has expired","level":"error","timestamp":"2020-09-30T09:55:38.168Z"}
{"message":"No token provided...","level":"error","timestamp":"2020-09-30T09:55:57.815Z"}
{"message":"No token provided...","level":"error","timestamp":"2020-10-01T02:46:29.712Z"}
{"message":"No token provided...","level":"error","timestamp":"2020-10-01T02:46:48.542Z"}
{"message":"No token provided...","level":"error","timestamp":"2020-10-01T02:47:59.598Z"}
{"message":"No token provided...","level":"error","timestamp":"2020-10-01T02:48:42.487Z"}
{"message":"No token provided...","level":"error","timestamp":"2020-10-01T02:49:23.327Z"}
{"message":"No token provided...","level":"error","timestamp":"2020-10-01T02:49:39.483Z"}
{"message":"No token provided...","level":"error","timestamp":"2020-10-01T02:50:02.942Z"}
{"message":"No token provided...","level":"error","timestamp":"2020-10-01T02:50:13.861Z"}
{"message":"No token provided...","level":"error","timestamp":"2020-10-01T02:52:17.847Z"}
{"message":"No token provided...","level":"error","timestamp":"2020-10-01T02:52:36.276Z"}
{"message":"No token provided...","level":"error","timestamp":"2020-10-01T02:52:56.508Z"}
{"message":"No token provided...","level":"error","timestamp":"2020-10-01T02:52:57.232Z"}
{"message":"No token provided...","level":"error","timestamp":"2020-10-01T02:53:06.794Z"}
{"message":"No token provided...","level":"error","timestamp":"2020-10-01T02:53:07.344Z"}
{"message":"No token provided...","level":"error","timestamp":"2020-10-01T02:53:07.674Z"}
{"message":"No token provided...","level":"error","timestamp":"2020-10-01T02:53:08.020Z"}
{"message":"No token provided...","level":"error","timestamp":"2020-10-01T02:53:54.603Z"}
{"message":"No token provided...","level":"error","timestamp":"2020-10-01T02:54:02.391Z"}
{"message":"label creation failed","level":"error","timestamp":"2020-10-01T20:15:54.613Z"}
{"message":"label creation failed","level":"error","timestamp":"2020-10-01T20:17:43.504Z"}
{"message":"label creation failed","level":"error","timestamp":"2020-10-01T20:19:37.421Z"}
{"message":"label creation failed","level":"error","timestamp":"2020-10-01T20:20:15.952Z"}
{"message":"label creation failed","level":"error","timestamp":"2020-10-01T20:20:41.481Z"}
{"message":"label creation failed","level":"error","timestamp":"2020-10-01T20:21:30.503Z"}
{"message":"label creation failed","level":"error","timestamp":"2020-10-01T20:21:37.178Z"}
{"message":"label creation failed","level":"error","timestamp":"2020-10-01T20:21:46.031Z"}
{"message":"label creation failed","level":"error","timestamp":"2020-10-01T20:21:53.828Z"}
{"message":"label creation failed","level":"error","timestamp":"2020-10-01T20:21:58.692Z"}
{"message":"label creation failed","level":"error","timestamp":"2020-10-01T20:23:31.534Z"}
{"message":"Some issue in reading labels: ","level":"error","timestamp":"2020-10-01T21:40:08.478Z"}
{"message":"label creation failed","level":"error","timestamp":"2020-10-01T22:16:07.515Z"}
{"message":"label creation failed","level":"error","timestamp":"2020-10-01T22:16:45.787Z"}
{"message":"label creation failed","level":"error","timestamp":"2020-10-01T22:52:52.295Z"}
{"message":"deletion failed. Some issue in deleting the labelerror: TypeError: this.findNote is not a function","level":"error","timestamp":"2020-10-02T05:52:01.483Z"}
{"message":"deletion failed. Some issue in deleting the labelerror: TypeError: this.findNote is not a function","level":"error","timestamp":"2020-10-02T05:58:37.862Z"}
{"message":"deletion failed. Some issue in deleting the labelerror: TypeError: this.findNote is not a function","level":"error","timestamp":"2020-10-02T06:13:26.259Z"}
{"message":"deletion failed. Some issue in deleting the labelerror: TypeError: Cannot read property 'findOne' of undefined","level":"error","timestamp":"2020-10-02T06:14:51.192Z"}
{"message":"deletion failed. Some issue in deleting the labelerror: TypeError: Cannot read property 'findOne' of undefined","level":"error","timestamp":"2020-10-02T06:15:17.744Z"}
{"message":"deletion failed. Some issue in deleting the labelerror: Sorry no such label found: ","level":"error","timestamp":"2020-10-02T06:15:32.058Z"}
{"message":"updetion failed. ReferenceError: note is not defined","level":"error","timestamp":"2020-10-02T22:14:35.856Z"}
{"message":"All messages sent...","level":"error","timestamp":"2020-10-05T19:00:47.762Z"}
{"message":"All messages sent...","level":"error","timestamp":"2020-10-05T19:14:15.187Z"}
{"message":"All messages sent...","level":"error","timestamp":"2020-10-05T19:17:17.028Z"}
{"message":"All messages sent...","level":"error","timestamp":"2020-10-05T19:18:05.409Z"}
{"message":"No result found, there is no such email registeredemail not found: TypeError: Cannot read property 'id' of null","level":"error","timestamp":"2020-10-05T20:13:05.051Z"}
{"message":"No result found, there is no such email registeredemail not found: TypeError: Cannot read property 'id' of null","level":"error","timestamp":"2020-10-05T20:16:38.404Z"}
{"message":"No result found, there is no such email registeredemail not found: TypeError: Cannot read property 'id' of null","level":"error","timestamp":"2020-10-05T20:17:43.663Z"}
{"message":"No result found, there is no such email registeredemail not found: TypeError: Cannot read property 'id' of null","level":"error","timestamp":"2020-10-05T20:17:45.465Z"}
{"message":"No result found, there is no such email registeredemail not found: TypeError: Cannot read property 'id' of null","level":"error","timestamp":"2020-10-05T20:17:47.885Z"}
{"message":"No result found, there is no such email registeredemail not found: TypeError: Cannot read property 'id' of null","level":"error","timestamp":"2020-10-05T20:17:49.954Z"}
{"message":"Something bad happendemail not found: TypeError: Cannot read property 'id' of null","level":"error","timestamp":"2020-10-05T20:18:37.655Z"}
{"message":"Something bad happendemail not found: TypeError: Cannot read property 'dataValues' of null","level":"error","timestamp":"2020-10-05T20:25:56.309Z"}
{"message":"Something bad happendemail not found: TypeError: Cannot read property 'id' of null","level":"error","timestamp":"2020-10-05T20:28:41.928Z"}
{"message":"Something bad happendemail not found: TypeError: Cannot read property 'dataValues' of null","level":"error","timestamp":"2020-10-05T20:29:27.760Z"}
{"message":"Something bad happendemail not found: TypeError: Cannot read property 'id' of null","level":"error","timestamp":"2020-10-05T20:29:35.580Z"}
{"message":"Something bad happendemail not found: SequelizeDatabaseError: column user.login_key does not exist","level":"error","timestamp":"2020-10-05T20:35:38.178Z"}
{"message":"Something bad happendemail not found: TypeError: Cannot read property 'dataValues' of null","level":"error","timestamp":"2020-10-05T20:35:54.239Z"}
{"message":"Something bad happendemail not found: TypeError: Cannot read property 'id' of null","level":"error","timestamp":"2020-10-05T20:36:24.931Z"}
{"message":"Something bad happendTypeError: collaborator.finduser is not a function","level":"error","timestamp":"2020-10-05T20:37:44.397Z"}
{"message":"Something bad happendTypeError: Cannot read property 'then' of undefined","level":"error","timestamp":"2020-10-05T20:56:11.522Z"}
{"message":"Something bad happendTypeError: Cannot read property 'then' of undefined","level":"error","timestamp":"2020-10-05T20:56:20.378Z"}
{"message":"Something bad happendemail not found: TypeError: Cannot read property 'dataValues' of null","level":"error","timestamp":"2020-10-05T21:00:17.753Z"}
{"message":"Something bad happendemail not found: ReferenceError: data is not defined","level":"error","timestamp":"2020-10-05T21:01:12.052Z"}
{"message":"error while removing label error: Error: WHERE parameter \"id\" has invalid \"undefined\" value","level":"error","timestamp":"2020-10-06T05:02:45.565Z"}
{"message":"error while removing label error: Error: WHERE parameter \"id\" has invalid \"undefined\" value","level":"error","timestamp":"2020-10-06T05:04:57.135Z"}
{"message":"error while removing label error: Error: WHERE parameter \"id\" has invalid \"undefined\" value","level":"error","timestamp":"2020-10-06T05:05:03.141Z"}
{"message":"error while removing label error: Error: WHERE parameter \"id\" has invalid \"undefined\" value","level":"error","timestamp":"2020-10-06T05:05:24.841Z"}
{"message":"Something bad happendemail not found: TypeError: Cannot read property 'dataValue' of null","level":"error","timestamp":"2020-10-06T05:25:37.086Z"}
{"message":"updetion failed. Error: WHERE parameter \"id\" has invalid \"undefined\" value","level":"error","timestamp":"2020-10-06T05:37:00.207Z"}
{"message":"updetion failed. Error: WHERE parameter \"id\" has invalid \"undefined\" value","level":"error","timestamp":"2020-10-06T05:44:37.762Z"}
{"message":"All messages sent...","level":"error","timestamp":"2020-10-06T05:48:59.444Z"}
{"message":"All messages sent...","level":"error","timestamp":"2020-10-06T05:55:15.011Z"}
{"message":"Something bad happendenter correct email","level":"error","timestamp":"2020-10-07T01:34:03.146Z"}
{"message":"Something bad happendenter correct email","level":"error","timestamp":"2020-10-07T01:34:37.090Z"}
{"message":"Something bad happend enter correct email","level":"error","timestamp":"2020-10-07T01:35:13.041Z"}
{"message":"Something bad happend enter correct email","level":"error","timestamp":"2020-10-07T01:35:52.653Z"}
{"message":"Something bad happend enter correct email","level":"error","timestamp":"2020-10-07T01:36:10.719Z"}
{"message":"Something bad happend enter correct email","level":"error","timestamp":"2020-10-07T03:03:01.065Z"}
{"message":"Something bad happend enter correct email","level":"error","timestamp":"2020-10-07T03:03:36.575Z"}
{"message":"Something bad happend enter correct email","level":"error","timestamp":"2020-10-07T03:03:54.173Z"}
{"message":"Something bad happend enter correct email","level":"error","timestamp":"2020-10-07T03:04:09.377Z"}
{"message":"Some issu is colaborationReferenceError: email is not defined","level":"error","timestamp":"2020-10-07T03:07:48.677Z"}
{"message":"Some issu is colaborationemail not found: Error in create collaborator","level":"error","timestamp":"2020-10-07T03:08:50.638Z"}
{"message":"Some issu is colaborationemail not found: Error in create collaborator","level":"error","timestamp":"2020-10-07T03:09:11.334Z"}
{"message":"Some issu is colaborationemail not found: Error in create collaborator","level":"error","timestamp":"2020-10-07T03:09:30.971Z"}
{"message":"Some issu is colaborationemail not found: Error in create collaborator","level":"error","timestamp":"2020-10-07T03:09:52.582Z"}
{"message":"Some issu is colaborationemail not found: Error in create collaborator","level":"error","timestamp":"2020-10-07T03:10:25.834Z"}
{"message":"Some issu is colaborationemail not found: Error in create collaborator","level":"error","timestamp":"2020-10-07T03:10:46.285Z"}
{"message":"Some issu is colaborationemail not found: Error in create collaborator","level":"error","timestamp":"2020-10-07T03:10:59.079Z"}
{"message":"Some issu is colaborationemail not found: Error in create collaborator","level":"error","timestamp":"2020-10-07T03:11:12.066Z"}
{"message":"Some issu is colaborationemail not found: Error in create collaborator","level":"error","timestamp":"2020-10-07T03:11:21.473Z"}
{"message":"Some issu is colaborationemail not found: Error in create collaborator","level":"error","timestamp":"2020-10-07T03:11:29.639Z"}
{"message":"Some issu is colaborationemail not found: Error in create collaborator","level":"error","timestamp":"2020-10-07T03:12:01.751Z"}
{"message":"Some issu is colaborationemail not found: Error in create collaborator","level":"error","timestamp":"2020-10-07T03:12:04.478Z"}
{"message":"Some issu is colaborationemail not found: Error in create collaborator","level":"error","timestamp":"2020-10-07T03:12:10.858Z"}
{"message":"Some issu is colaborationemail not found: Error in create collaborator","level":"error","timestamp":"2020-10-07T03:12:35.446Z"}
{"message":"Some issu is colaborationemail not found: Error in create collaborator","level":"error","timestamp":"2020-10-07T03:12:50.962Z"}
{"message":"Some issu is colaborationemail not found: Error in create collaborator","level":"error","timestamp":"2020-10-07T03:13:58.367Z"}
{"message":"Something bad happendReferenceError: mail is not defined","level":"error","timestamp":"2020-10-07T03:14:13.267Z"}
{"message":"Some issu is colaborationemail not found: Error in create collaborator","level":"error","timestamp":"2020-10-07T03:14:30.890Z"}
{"message":"Some issu is colaboration: email not found: TypeError: Cannot read property 'id' of null","level":"error","timestamp":"2020-10-07T03:16:19.387Z"}
{"message":"Some issu is colaboration: email not found: TypeError: Cannot read property 'id' of nullemail not found: TypeError: Cannot read property 'id' of null","level":"error","timestamp":"2020-10-07T03:16:37.086Z"}
{"message":"Some issu is colaboration: email not found: SequelizeDatabaseError: column user.email does not existemail not found: SequelizeDatabaseError: column user.email does not exist","level":"error","timestamp":"2020-10-07T04:24:17.643Z"}
{"message":"Some issu is colaboration: email not found: SequelizeDatabaseError: column user.email does not existemail not found: SequelizeDatabaseError: column user.email does not exist","level":"error","timestamp":"2020-10-07T04:24:55.672Z"}
{"message":"Some issu is colaboration: email not found: SequelizeDatabaseError: column user.email does not existemail not found: SequelizeDatabaseError: column user.email does not exist","level":"error","timestamp":"2020-10-07T04:26:27.029Z"}
{"message":"Some issu is colaboration: email not found: SequelizeDatabaseError: column user.email does not existemail not found: SequelizeDatabaseError: column user.email does not exist","level":"error","timestamp":"2020-10-07T04:27:18.942Z"}
{"message":"Some issu is colaboration: email not found: SequelizeDatabaseError: column user.email does not existemail not found: SequelizeDatabaseError: column user.email does not exist","level":"error","timestamp":"2020-10-07T04:27:58.687Z"}
{"message":"Some issu is colaboration: email not found: SequelizeDatabaseError: column user.email does not existemail not found: SequelizeDatabaseError: column user.email does not exist","level":"error","timestamp":"2020-10-07T04:28:22.827Z"}
{"message":"Some issu is colaboration: email not found: SequelizeDatabaseError: column \"createdAt\" of relation \"collaborators\" does not existemail not found: SequelizeDatabaseError: column \"createdAt\" of relation \"collaborators\" does not exist","level":"error","timestamp":"2020-10-07T04:28:35.256Z"}
{"message":"Some issu is colaboration: email not found: SequelizeDatabaseError: column \"updatedAt\" of relation \"collaborators\" does not existemail not found: SequelizeDatabaseError: column \"updatedAt\" of relation \"collaborators\" does not exist","level":"error","timestamp":"2020-10-07T04:29:30.298Z"}
{"message":"Some issu is colaboration: email not found: SequelizeDatabaseError: null value in column \"id\" violates not-null constraintemail not found: SequelizeDatabaseError: null value in column \"id\" violates not-null constraint","level":"error","timestamp":"2020-10-07T04:29:51.715Z"}
{"message":"Something bad happendemail not found: TypeError: Cannot read property 'id' of null","level":"error","timestamp":"2020-10-07T07:04:49.637Z"}
{"message":"All messages sent...","level":"error","timestamp":"2020-10-07T07:18:55.810Z"}
{"message":"All messages sent...","level":"error","timestamp":"2020-10-15T00:39:30.194Z"}
{"message":"All messages sent...","level":"error","timestamp":"2020-10-15T00:39:36.829Z"}
{"message":"All messages sent...","level":"error","timestamp":"2020-10-15T00:46:08.244Z"}
{"message":"All messages sent...","level":"error","timestamp":"2020-10-15T01:12:06.015Z"}
{"message":"All messages sent...","level":"error","timestamp":"2020-10-15T01:16:23.660Z"}
{"message":"All messages sent...","level":"error","timestamp":"2020-10-15T01:17:36.087Z"}
{"message":"All messages sent...","level":"error","timestamp":"2020-10-15T02:57:53.142Z"}
{"message":"All messages sent...","level":"error","timestamp":"2020-10-15T02:59:13.910Z"}
{"message":"All messages sent...","level":"error","timestamp":"2020-10-15T04:32:06.841Z"}
{"message":"All messages sent...","level":"error","timestamp":"2020-10-15T06:06:29.354Z"}
{"message":"All messages sent...","level":"error","timestamp":"2020-10-15T06:06:54.440Z"}
{"message":"All messages sent...","level":"error","timestamp":"2020-10-16T01:05:42.686Z"}
{"message":"All messages sent...","level":"error","timestamp":"2020-10-20T05:54:01.826Z"}
{"message":"No token provided...","level":"error","timestamp":"2020-10-20T06:09:19.990Z"}
{"message":"No token provided...","level":"error","timestamp":"2020-10-20T06:09:58.881Z"}
{"message":"No token provided...","level":"error","timestamp":"2020-10-20T06:10:00.054Z"}
{"message":"No token provided...","level":"error","timestamp":"2020-10-20T06:18:36.404Z"}
{"message":"No token provided...","level":"error","timestamp":"2020-10-20T06:18:37.226Z"}
{"message":"No token provided...","level":"error","timestamp":"2020-10-20T06:29:09.854Z"}
{"message":"No token provided...","level":"error","timestamp":"2020-10-20T06:32:37.494Z"}
{"message":"No token provided...","level":"error","timestamp":"2020-10-20T06:32:38.787Z"}
{"message":"No token provided...","level":"error","timestamp":"2020-10-20T06:32:48.061Z"}
{"message":"No token provided...","level":"error","timestamp":"2020-10-20T06:32:53.756Z"}
{"message":"No token provided...","level":"error","timestamp":"2020-10-20T06:34:26.336Z"}
{"message":"No token provided...","level":"error","timestamp":"2020-10-20T06:34:27.737Z"}
{"message":"No token provided...","level":"error","timestamp":"2020-10-20T06:34:27.919Z"}
{"message":"No token provided...","level":"error","timestamp":"2020-10-20T06:34:38.800Z"}
{"message":"No token provided...","level":"error","timestamp":"2020-10-20T06:34:40.838Z"}
{"message":"No token provided...","level":"error","timestamp":"2020-10-20T06:34:42.866Z"}
{"message":"No token provided...","level":"error","timestamp":"2020-10-20T06:34:49.374Z"}
{"message":"No token provided...","level":"error","timestamp":"2020-10-20T06:34:51.226Z"}
{"message":"No token provided...","level":"error","timestamp":"2020-10-20T06:37:57.825Z"}
{"message":"No token provided...","level":"error","timestamp":"2020-10-20T06:45:47.942Z"}
{"message":"No token provided...","level":"error","timestamp":"2020-10-20T06:45:49.384Z"}
{"message":"No token provided...","level":"error","timestamp":"2020-10-20T06:46:12.402Z"}
{"message":"No token provided...","level":"error","timestamp":"2020-10-20T07:02:37.811Z"}
{"message":"No token provided...","level":"error","timestamp":"2020-10-20T07:02:39.013Z"}
{"message":"No token provided...","level":"error","timestamp":"2020-10-20T07:03:23.715Z"}
{"message":"No token provided...","level":"error","timestamp":"2020-10-20T07:03:25.370Z"}
{"message":"No token provided...","level":"error","timestamp":"2020-10-20T07:03:59.381Z"}
{"message":"No token provided...","level":"error","timestamp":"2020-10-20T07:04:01.064Z"}
{"message":"No token provided...","level":"error","timestamp":"2020-10-20T07:06:16.101Z"}
{"message":"No token provided...","level":"error","timestamp":"2020-10-20T07:06:17.305Z"}
{"message":"No token provided...","level":"error","timestamp":"2020-10-20T07:06:30.178Z"}
{"message":"No token provided...","level":"error","timestamp":"2020-10-20T07:06:31.610Z"}
{"message":"No token provided...","level":"error","timestamp":"2020-10-20T07:06:31.845Z"}
{"message":"No token provided...","level":"error","timestamp":"2020-10-20T07:11:18.199Z"}
{"message":"No token provided...","level":"error","timestamp":"2020-10-20T07:11:33.564Z"}
{"message":"No token provided...","level":"error","timestamp":"2020-10-20T07:11:34.911Z"}
{"message":"note creation failed","level":"error","timestamp":"2020-10-20T07:12:19.136Z"}
{"message":"note creation failed","level":"error","timestamp":"2020-10-20T07:14:10.370Z"}
{"message":"note creation failed","level":"error","timestamp":"2020-10-20T09:37:58.597Z"}
{"message":"note creation failed","level":"error","timestamp":"2020-10-21T02:58:34.385Z"}
{"message":"note creation failed","level":"error","timestamp":"2020-10-21T03:03:54.528Z"}
{"message":"note creation failed","level":"error","timestamp":"2020-10-21T03:14:57.910Z"}
{"message":"note creation failed","level":"error","timestamp":"2020-10-21T03:15:39.302Z"}
{"message":"note creation failed","level":"error","timestamp":"2020-10-21T03:16:53.980Z"}
{"message":"note creation failed","level":"error","timestamp":"2020-10-21T03:19:57.283Z"}
{"message":"note creation failed","level":"error","timestamp":"2020-10-21T03:21:39.794Z"}
{"message":"note creation failed","level":"error","timestamp":"2020-10-21T03:22:01.411Z"}
{"message":"note creation failed","level":"error","timestamp":"2020-10-21T03:22:34.225Z"}
{"message":"note creation failed","level":"error","timestamp":"2020-10-21T03:22:50.480Z"}
{"message":"note creation failed","level":"error","timestamp":"2020-10-21T03:23:09.454Z"}
{"message":"note creation failed","level":"error","timestamp":"2020-10-21T03:33:45.000Z"}
{"message":"note creation failed","level":"error","timestamp":"2020-10-21T03:33:59.811Z"}
{"message":"note creation failed","level":"error","timestamp":"2020-10-21T03:37:11.231Z"}
{"message":"note creation failed","level":"error","timestamp":"2020-10-21T03:38:39.237Z"}
{"message":"note creation failed","level":"error","timestamp":"2020-10-21T04:22:18.198Z"}
{"message":"note creation failed","level":"error","timestamp":"2020-10-21T05:21:59.183Z"}
{"message":"note creation failed","level":"error","timestamp":"2020-10-21T05:36:41.930Z"}
{"message":"No token provided...","level":"error","timestamp":"2020-10-21T05:39:22.976Z"}
{"message":"note creation failed","level":"error","timestamp":"2020-10-21T05:42:08.142Z"}
{"message":"note creation failed","level":"error","timestamp":"2020-10-21T06:09:03.757Z"}
{"message":"note creation failed","level":"error","timestamp":"2020-10-21T06:29:20.610Z"}
{"message":"note creation failed","level":"error","timestamp":"2020-10-21T06:47:14.493Z"}
{"message":"note creation failed","level":"error","timestamp":"2020-10-21T10:57:58.348Z"}
{"message":"note creation failed","level":"error","timestamp":"2020-10-21T11:36:49.764Z"}
{"message":"note creation failed","level":"error","timestamp":"2020-10-21T11:39:34.982Z"}
{"message":"note creation failed","level":"error","timestamp":"2020-10-21T15:33:56.136Z"}
{"message":"note creation failed","level":"error","timestamp":"2020-10-21T15:34:32.457Z"}
{"message":"note creation failed","level":"error","timestamp":"2020-10-21T15:34:47.124Z"}
{"message":"note creation failed","level":"error","timestamp":"2020-10-21T18:24:54.700Z"}
{"message":"note creation failed","level":"error","timestamp":"2020-10-21T18:29:51.069Z"}
{"message":"note creation failed","level":"error","timestamp":"2020-10-21T18:46:24.178Z"}
{"message":"note creation failed","level":"error","timestamp":"2020-10-21T18:47:34.435Z"}
{"message":"note creation failed","level":"error","timestamp":"2020-10-21T18:49:04.535Z"}
{"message":"No token provided...","level":"error","timestamp":"2020-10-21T18:57:16.061Z"}
{"message":"No token provided...","level":"error","timestamp":"2020-10-21T18:57:28.749Z"}
{"message":"No token provided...","level":"error","timestamp":"2020-10-21T18:57:43.912Z"}
{"message":"No token provided...","level":"error","timestamp":"2020-10-21T18:58:13.088Z"}
{"message":"No token provided...","level":"error","timestamp":"2020-10-21T18:59:02.290Z"}
{"message":"No token provided...","level":"error","timestamp":"2020-10-21T19:01:17.226Z"}
{"message":"No token provided...","level":"error","timestamp":"2020-10-21T19:02:03.547Z"}
{"message":"invalid token or token has expired","level":"error","timestamp":"2020-10-21T19:10:39.031Z"}
{"message":"invalid token or token has expired","level":"error","timestamp":"2020-10-22T01:29:07.607Z"}
{"message":"No token provided...","level":"error","timestamp":"2020-10-22T01:36:35.973Z"}
{"message":"note creation failed","level":"error","timestamp":"2020-10-22T01:40:06.275Z"}
{"message":"note creation failed","level":"error","timestamp":"2020-10-22T01:42:09.172Z"}
{"message":"note creation failed","level":"error","timestamp":"2020-10-22T01:44:21.471Z"}
{"message":"note creation failed","level":"error","timestamp":"2020-10-22T01:44:46.581Z"}
{"message":"note creation failed","level":"error","timestamp":"2020-10-22T01:45:00.408Z"}
{"message":"note creation failed","level":"error","timestamp":"2020-10-22T01:46:44.036Z"}
{"message":"note creation failed","level":"error","timestamp":"2020-10-22T01:52:02.049Z"}
{"message":"note creation failed","level":"error","timestamp":"2020-10-22T01:55:24.513Z"}
{"message":"note creation failed","level":"error","timestamp":"2020-10-22T02:13:18.382Z"}
{"message":"No token provided...","level":"error","timestamp":"2020-10-22T02:23:15.585Z"}
{"message":"No token provided...","level":"error","timestamp":"2020-10-22T02:23:30.217Z"}
{"message":"No token provided...","level":"error","timestamp":"2020-10-22T02:23:36.608Z"}
{"message":"No token provided...","level":"error","timestamp":"2020-10-22T02:24:09.113Z"}
{"message":"No token provided...","level":"error","timestamp":"2020-10-22T02:35:57.993Z"}
{"message":"note creation failed","level":"error","timestamp":"2020-10-22T03:15:57.340Z"}
{"message":"note creation failed","level":"error","timestamp":"2020-10-22T03:16:19.003Z"}
{"message":"note creation failed","level":"error","timestamp":"2020-10-22T03:27:52.160Z"}
{"message":"No token provided...","level":"error","timestamp":"2020-10-22T03:43:29.511Z"}
{"message":"note creation failed","level":"error","timestamp":"2020-10-22T03:44:29.680Z"}
{"message":"note creation failed","level":"error","timestamp":"2020-10-22T03:44:58.049Z"}
{"message":"note creation failed","level":"error","timestamp":"2020-10-22T04:03:18.330Z"}
{"message":"note creation failed","level":"error","timestamp":"2020-10-22T04:04:14.922Z"}
{"message":"note creation failed","level":"error","timestamp":"2020-10-22T05:21:43.848Z"}
{"message":"note creation failed","level":"error","timestamp":"2020-10-22T05:26:23.182Z"}
{"message":"note creation failed","level":"error","timestamp":"2020-10-22T05:28:48.848Z"}
{"message":"note creation failed","level":"error","timestamp":"2020-10-22T05:29:13.308Z"}
{"message":"note creation failed","level":"error","timestamp":"2020-10-22T05:30:09.365Z"}
{"message":"note creation failed","level":"error","timestamp":"2020-10-22T05:31:04.067Z"}
{"message":"note creation failed","level":"error","timestamp":"2020-10-22T05:33:31.930Z"}
{"message":"note creation failed","level":"error","timestamp":"2020-10-22T05:34:38.258Z"}
{"message":"note creation failed","level":"error","timestamp":"2020-10-22T05:45:18.615Z"}
{"message":"note creation failed","level":"error","timestamp":"2020-10-22T05:59:23.840Z"}
{"message":"note creation failed","level":"error","timestamp":"2020-10-22T07:06:22.863Z"}
{"message":"No token provided...","level":"error","timestamp":"2020-10-22T07:23:11.237Z"}
{"message":"No token provided...","level":"error","timestamp":"2020-10-22T07:24:07.262Z"}
{"message":"No token provided...","level":"error","timestamp":"2020-10-22T07:24:57.469Z"}
{"message":"No token provided...","level":"error","timestamp":"2020-10-22T07:25:04.637Z"}
{"message":"No token provided...","level":"error","timestamp":"2020-10-22T07:25:13.302Z"}
{"message":"No token provided...","level":"error","timestamp":"2020-10-22T07:25:34.311Z"}
{"message":"No token provided...","level":"error","timestamp":"2020-10-22T07:25:49.253Z"}
{"message":"No token provided...","level":"error","timestamp":"2020-10-22T07:25:56.909Z"}
{"message":"No token provided...","level":"error","timestamp":"2020-10-22T07:26:01.922Z"}
{"message":"No token provided...","level":"error","timestamp":"2020-10-22T07:26:09.779Z"}
{"message":"No token provided...","level":"error","timestamp":"2020-10-22T07:26:22.418Z"}
{"message":"No token provided...","level":"error","timestamp":"2020-10-22T07:26:46.131Z"}
{"message":"No token provided...","level":"error","timestamp":"2020-10-22T07:26:52.822Z"}
{"message":"No token provided...","level":"error","timestamp":"2020-10-22T07:27:04.744Z"}
{"message":"No token provided...","level":"error","timestamp":"2020-10-22T07:28:03.086Z"}
{"message":"No token provided...","level":"error","timestamp":"2020-10-22T07:28:05.100Z"}
{"message":"No token provided...","level":"error","timestamp":"2020-10-22T07:28:19.435Z"}
{"message":"No token provided...","level":"error","timestamp":"2020-10-22T07:30:01.886Z"}
{"message":"No token provided...","level":"error","timestamp":"2020-10-22T07:35:22.422Z"}
{"message":"No token provided...","level":"error","timestamp":"2020-10-22T08:06:12.794Z"}
{"message":"note creation failed","level":"error","timestamp":"2020-10-22T09:51:03.844Z"}
{"message":"No token provided...","level":"error","timestamp":"2020-10-22T09:52:22.496Z"}
{"message":"No token provided...","level":"error","timestamp":"2020-10-22T09:52:25.887Z"}
{"message":"note creation failed","level":"error","timestamp":"2020-10-22T09:52:49.636Z"}
{"message":"note creation failed","level":"error","timestamp":"2020-10-22T09:52:58.819Z"}
{"message":"No token provided...","level":"error","timestamp":"2020-10-22T09:53:14.329Z"}
{"message":"No token provided...","level":"error","timestamp":"2020-10-22T09:53:16.934Z"}
{"message":"No token provided...","level":"error","timestamp":"2020-10-22T09:53:20.279Z"}
{"message":"No token provided...","level":"error","timestamp":"2020-10-22T09:53:32.724Z"}
{"message":"note creation failed","level":"error","timestamp":"2020-10-22T09:53:43.409Z"}
{"message":"No token provided...","level":"error","timestamp":"2020-10-22T09:55:45.017Z"}
{"message":"No token provided...","level":"error","timestamp":"2020-10-22T09:56:09.377Z"}
{"message":"No token provided...","level":"error","timestamp":"2020-10-22T09:56:58.626Z"}
{"message":"No token provided...","level":"error","timestamp":"2020-10-22T09:57:07.241Z"}
{"message":"No token provided...","level":"error","timestamp":"2020-10-22T09:57:14.462Z"}
{"message":"note creation failed","level":"error","timestamp":"2020-10-22T09:57:16.676Z"}
{"message":"No token provided...","level":"error","timestamp":"2020-10-22T09:57:25.251Z"}
{"message":"No token provided...","level":"error","timestamp":"2020-10-22T09:57:58.738Z"}
{"message":"No token provided...","level":"error","timestamp":"2020-10-22T09:58:38.981Z"}
{"message":"No token provided...","level":"error","timestamp":"2020-10-22T09:58:59.488Z"}
{"message":"No token provided...","level":"error","timestamp":"2020-10-22T09:59:02.187Z"}
{"message":"No token provided...","level":"error","timestamp":"2020-10-22T09:59:05.370Z"}
{"message":"No token provided...","level":"error","timestamp":"2020-10-22T09:59:09.299Z"}
{"message":"note creation failed","level":"error","timestamp":"2020-10-22T09:59:13.211Z"}
{"message":"No token provided...","level":"error","timestamp":"2020-10-22T09:59:32.683Z"}
{"message":"No token provided...","level":"error","timestamp":"2020-10-22T09:59:37.400Z"}
{"message":"No token provided...","level":"error","timestamp":"2020-10-22T09:59:43.311Z"}
{"message":"No token provided...","level":"error","timestamp":"2020-10-22T09:59:59.564Z"}
{"message":"No token provided...","level":"error","timestamp":"2020-10-22T10:00:04.837Z"}
{"message":"No token provided...","level":"error","timestamp":"2020-10-22T10:00:26.004Z"}
{"message":"No token provided...","level":"error","timestamp":"2020-10-22T10:00:30.124Z"}
{"message":"No token provided...","level":"error","timestamp":"2020-10-22T10:00:35.312Z"}
{"message":"No token provided...","level":"error","timestamp":"2020-10-22T10:00:38.606Z"}
{"message":"No token provided...","level":"error","timestamp":"2020-10-22T10:01:01.137Z"}
{"message":"No token provided...","level":"error","timestamp":"2020-10-22T10:01:05.869Z"}
{"message":"note creation failed","level":"error","timestamp":"2020-10-22T10:01:11.515Z"}
{"message":"No token provided...","level":"error","timestamp":"2020-10-22T10:01:50.165Z"}
{"message":"No token provided...","level":"error","timestamp":"2020-10-22T10:02:03.829Z"}
{"message":"No token provided...","level":"error","timestamp":"2020-10-22T10:02:07.218Z"}
{"message":"No token provided...","level":"error","timestamp":"2020-10-22T10:04:50.949Z"}
{"message":"No token provided...","level":"error","timestamp":"2020-10-22T10:07:54.415Z"}
{"message":"note creation failed","level":"error","timestamp":"2020-10-22T10:07:56.529Z"}
{"message":"No token provided...","level":"error","timestamp":"2020-10-22T10:18:17.215Z"}
{"message":"No token provided...","level":"error","timestamp":"2020-10-22T10:26:21.056Z"}
{"message":"note creation failed","level":"error","timestamp":"2020-10-22T10:26:37.918Z"}
{"message":"No token provided...","level":"error","timestamp":"2020-10-22T10:26:55.363Z"}
{"message":"No token provided...","level":"error","timestamp":"2020-10-22T10:26:59.246Z"}
{"message":"No token provided...","level":"error","timestamp":"2020-10-22T10:27:01.359Z"}
{"message":"note creation failed","level":"error","timestamp":"2020-10-22T10:31:17.227Z"}
{"message":"note creation failed","level":"error","timestamp":"2020-10-22T10:33:10.954Z"}
{"message":"No token provided...","level":"error","timestamp":"2020-10-22T10:34:36.721Z"}
{"message":"note creation failed","level":"error","timestamp":"2020-10-22T10:35:58.030Z"}
{"message":"note creation failed","level":"error","timestamp":"2020-10-22T10:38:00.127Z"}
{"message":"note creation failed","level":"error","timestamp":"2020-10-22T10:42:37.498Z"}
{"message":"note creation failed","level":"error","timestamp":"2020-10-22T10:44:44.241Z"}
{"message":"note creation failed","level":"error","timestamp":"2020-10-22T10:52:12.871Z"}
{"message":"note creation failed","level":"error","timestamp":"2020-10-22T10:54:51.687Z"}
{"message":"note creation failed","level":"error","timestamp":"2020-10-22T11:07:34.823Z"}
{"message":"note creation failed","level":"error","timestamp":"2020-10-22T11:07:48.761Z"}
{"message":"note creation failed","level":"error","timestamp":"2020-10-22T11:11:23.445Z"}
{"message":"note creation failed","level":"error","timestamp":"2020-10-22T11:15:18.609Z"}
{"message":"note creation failed","level":"error","timestamp":"2020-10-22T11:16:24.696Z"}
{"message":"note creation failed","level":"error","timestamp":"2020-10-22T11:22:01.003Z"}
{"message":"note creation failed","level":"error","timestamp":"2020-10-22T11:24:31.842Z"}
{"message":"note creation failed","level":"error","timestamp":"2020-10-22T11:31:41.652Z"}
{"message":"note creation failed","level":"error","timestamp":"2020-10-22T11:47:22.043Z"}
{"message":"note creation failed","level":"error","timestamp":"2020-10-22T13:18:59.483Z"}
{"message":"note creation failed","level":"error","timestamp":"2020-10-22T17:52:31.957Z"}
{"message":"note creation failed","level":"error","timestamp":"2020-10-22T17:53:09.506Z"}
{"message":"note creation failed","level":"error","timestamp":"2020-10-22T18:44:44.846Z"}
{"message":"note creation failed","level":"error","timestamp":"2020-10-22T19:02:09.911Z"}
{"message":"note creation failed","level":"error","timestamp":"2020-10-22T19:04:22.427Z"}
{"message":"note creation failed","level":"error","timestamp":"2020-10-22T19:06:20.925Z"}
{"message":"note creation failed","level":"error","timestamp":"2020-10-22T19:06:57.347Z"}
{"message":"note creation failed","level":"error","timestamp":"2020-10-22T19:07:40.083Z"}
{"message":"note creation failed","level":"error","timestamp":"2020-10-22T19:32:26.055Z"}
{"message":"note creation failed","level":"error","timestamp":"2020-10-22T19:43:30.514Z"}
{"message":"note creation failed","level":"error","timestamp":"2020-10-22T19:58:17.098Z"}
{"message":"note creation failed","level":"error","timestamp":"2020-10-22T20:12:50.235Z"}
{"message":"note creation failed","level":"error","timestamp":"2020-10-22T21:07:44.975Z"}
{"message":"note creation failed","level":"error","timestamp":"2020-10-23T02:08:03.285Z"}
{"message":"note creation failed","level":"error","timestamp":"2020-10-23T02:09:57.522Z"}
{"message":"note creation failed","level":"error","timestamp":"2020-10-23T02:51:04.193Z"}
{"message":"note creation failed","level":"error","timestamp":"2020-10-23T02:52:02.521Z"}
{"message":"note creation failed","level":"error","timestamp":"2020-10-23T02:53:26.558Z"}
{"message":"note creation failed","level":"error","timestamp":"2020-10-23T02:57:19.071Z"}
{"message":"note creation failed","level":"error","timestamp":"2020-10-23T03:03:31.477Z"}
{"message":"note creation failed","level":"error","timestamp":"2020-10-23T03:04:42.304Z"}
{"message":"note creation failed","level":"error","timestamp":"2020-10-23T03:54:47.913Z"}
{"message":"note creation failed","level":"error","timestamp":"2020-10-23T04:31:21.049Z"}
{"message":"No token provided...","level":"error","timestamp":"2020-10-23T04:32:57.751Z"}
{"message":"No token provided...","level":"error","timestamp":"2020-10-23T04:33:18.905Z"}
{"message":"No token provided...","level":"error","timestamp":"2020-10-23T04:35:17.692Z"}
{"message":"No token provided...","level":"error","timestamp":"2020-10-23T04:35:37.102Z"}
{"message":"No token provided...","level":"error","timestamp":"2020-10-23T04:37:39.726Z"}
{"message":"No token provided...","level":"error","timestamp":"2020-10-23T04:37:49.971Z"}
{"message":"No token provided...","level":"error","timestamp":"2020-10-23T04:39:08.704Z"}
{"message":"No token provided...","level":"error","timestamp":"2020-10-23T04:40:19.103Z"}
{"message":"No token provided...","level":"error","timestamp":"2020-10-23T04:40:30.697Z"}
{"message":"No token provided...","level":"error","timestamp":"2020-10-23T04:40:38.815Z"}
{"message":"No token provided...","level":"error","timestamp":"2020-10-23T04:41:08.956Z"}
{"message":"No token provided...","level":"error","timestamp":"2020-10-23T04:41:31.553Z"}
{"message":"No token provided...","level":"error","timestamp":"2020-10-23T04:45:52.501Z"}
{"message":"No token provided...","level":"error","timestamp":"2020-10-23T04:46:17.817Z"}
{"message":"No token provided...","level":"error","timestamp":"2020-10-23T04:48:24.044Z"}
{"message":"No token provided...","level":"error","timestamp":"2020-10-23T04:48:34.443Z"}
{"message":"No token provided...","level":"error","timestamp":"2020-10-23T04:49:04.090Z"}
{"message":"No token provided...","level":"error","timestamp":"2020-10-23T04:49:38.855Z"}
{"message":"No token provided...","level":"error","timestamp":"2020-10-23T04:50:13.239Z"}
{"message":"No token provided...","level":"error","timestamp":"2020-10-23T04:50:39.988Z"}
{"message":"No token provided...","level":"error","timestamp":"2020-10-23T04:50:53.946Z"}
{"message":"No token provided...","level":"error","timestamp":"2020-10-23T04:50:57.275Z"}
{"message":"No token provided...","level":"error","timestamp":"2020-10-23T04:51:27.160Z"}
{"message":"No token provided...","level":"error","timestamp":"2020-10-23T04:51:42.161Z"}
{"message":"No token provided...","level":"error","timestamp":"2020-10-23T04:52:30.318Z"}
{"message":"No token provided...","level":"error","timestamp":"2020-10-23T04:52:43.647Z"}
{"message":"No token provided...","level":"error","timestamp":"2020-10-23T04:53:00.013Z"}
{"message":"No token provided...","level":"error","timestamp":"2020-10-23T04:56:12.681Z"}
{"message":"No token provided...","level":"error","timestamp":"2020-10-23T04:56:19.678Z"}
{"message":"note creation failed","level":"error","timestamp":"2020-10-23T05:01:13.463Z"}
{"message":"No token provided...","level":"error","timestamp":"2020-10-23T05:09:22.670Z"}
{"message":"No token provided...","level":"error","timestamp":"2020-10-23T05:10:21.625Z"}
{"message":"No token provided...","level":"error","timestamp":"2020-10-23T05:14:44.033Z"}
{"message":"No token provided...","level":"error","timestamp":"2020-10-23T05:14:56.975Z"}
{"message":"note creation failed","level":"error","timestamp":"2020-10-23T05:16:41.750Z"}
{"message":"note creation failed","level":"error","timestamp":"2020-10-23T05:32:00.483Z"}
{"message":"note creation failed","level":"error","timestamp":"2020-10-23T06:02:32.833Z"}
{"message":"note creation failed","level":"error","timestamp":"2020-10-23T06:23:38.003Z"}
{"message":"note creation failed","level":"error","timestamp":"2020-10-23T11:21:13.096Z"}
{"message":"note creation failed","level":"error","timestamp":"2020-10-23T13:47:53.138Z"}
{"message":"note creation failed","level":"error","timestamp":"2020-10-23T16:22:09.154Z"}
{"message":"note creation failed","level":"error","timestamp":"2020-10-23T18:18:21.554Z"}
{"message":"note creation failed","level":"error","timestamp":"2020-10-23T18:25:08.594Z"}
{"message":"note creation failed","level":"error","timestamp":"2020-10-23T18:30:54.402Z"}
{"message":"note creation failed","level":"error","timestamp":"2020-10-24T01:02:30.915Z"}
{"message":"note creation failed","level":"error","timestamp":"2020-10-24T04:04:18.382Z"}
{"message":"note creation failed","level":"error","timestamp":"2020-10-24T04:34:16.510Z"}
{"message":"note creation failed","level":"error","timestamp":"2020-10-24T04:37:29.181Z"}
{"message":"note creation failed","level":"error","timestamp":"2020-10-24T04:50:02.126Z"}
{"message":"note creation failed","level":"error","timestamp":"2020-10-24T05:22:44.387Z"}
{"message":"note creation failed","level":"error","timestamp":"2020-10-24T06:20:19.367Z"}
{"message":"note creation failed","level":"error","timestamp":"2020-10-24T10:47:55.541Z"}
{"message":"note creation failed","level":"error","timestamp":"2020-10-24T10:52:00.853Z"}
{"message":"note creation failed","level":"error","timestamp":"2020-10-25T15:11:51.184Z"}
{"message":"note creation failed","level":"error","timestamp":"2020-10-25T15:12:18.971Z"}
{"message":"note creation failed","level":"error","timestamp":"2020-10-25T15:12:22.777Z"}
{"message":"note creation failed","level":"error","timestamp":"2020-10-25T15:15:24.717Z"}
{"message":"note creation failed","level":"error","timestamp":"2020-10-25T15:47:32.090Z"}
{"message":"note creation failed","level":"error","timestamp":"2020-10-25T15:48:33.612Z"}
{"message":"note creation failed","level":"error","timestamp":"2020-10-25T15:54:29.100Z"}
{"message":"note creation failed","level":"error","timestamp":"2020-10-25T15:55:47.739Z"}
{"message":"note creation failed","level":"error","timestamp":"2020-10-25T16:07:39.527Z"}
{"message":"deletion failed. Some issue in deleting the noteerror: SequelizeForeignKeyConstraintError: update or delete on table \"notes\" violates foreign key constraint \"constraint_name\" on table \"collaborators\"","level":"error","timestamp":"2020-10-25T16:10:57.171Z"}
{"message":"deletion failed. Some issue in deleting the noteerror: SequelizeForeignKeyConstraintError: update or delete on table \"notes\" violates foreign key constraint \"constraint_name\" on table \"collaborators\"","level":"error","timestamp":"2020-10-25T16:10:59.301Z"}
{"message":"deletion failed. Some issue in deleting the noteerror: SequelizeForeignKeyConstraintError: update or delete on table \"notes\" violates foreign key constraint \"constraint_name\" on table \"collaborators\"","level":"error","timestamp":"2020-10-25T16:11:04.152Z"}
{"message":"deletion failed. Some issue in deleting the noteerror: SequelizeForeignKeyConstraintError: update or delete on table \"notes\" violates foreign key constraint \"constraint_name\" on table \"collaborators\"","level":"error","timestamp":"2020-10-25T16:11:23.584Z"}
{"message":"note creation failed","level":"error","timestamp":"2020-10-25T17:59:21.934Z"}
{"message":"note creation failed","level":"error","timestamp":"2020-10-25T18:02:34.632Z"}
{"message":"note creation failed","level":"error","timestamp":"2020-10-25T18:07:19.401Z"}
{"message":"note creation failed","level":"error","timestamp":"2020-10-25T18:13:23.501Z"}
{"message":"note creation failed","level":"error","timestamp":"2020-10-25T18:19:01.520Z"}
{"message":"note creation failed","level":"error","timestamp":"2020-10-25T18:19:38.659Z"}
{"message":"note creation failed","level":"error","timestamp":"2020-10-25T18:19:56.826Z"}
{"message":"note creation failed","level":"error","timestamp":"2020-10-25T18:23:05.367Z"}
{"message":"note creation failed","level":"error","timestamp":"2020-10-25T18:23:32.529Z"}
{"message":"note creation failed","level":"error","timestamp":"2020-10-25T19:00:37.483Z"}
{"message":"note creation failed","level":"error","timestamp":"2020-10-25T19:01:24.361Z"}
{"message":"note creation failed","level":"error","timestamp":"2020-10-25T19:02:40.655Z"}
{"message":"note creation failed","level":"error","timestamp":"2020-10-25T19:03:39.394Z"}
{"message":"No token provided...","level":"error","timestamp":"2020-10-25T19:59:43.277Z"}
{"message":"No token provided...","level":"error","timestamp":"2020-10-25T19:59:54.790Z"}
{"message":"No token provided...","level":"error","timestamp":"2020-10-25T20:00:15.903Z"}
{"message":"No token provided...","level":"error","timestamp":"2020-10-25T20:00:20.734Z"}
{"message":"No token provided...","level":"error","timestamp":"2020-10-25T20:01:55.093Z"}
{"message":"note creation failed","level":"error","timestamp":"2020-10-25T20:32:57.644Z"}
{"message":"No token provided...","level":"error","timestamp":"2020-10-26T02:15:19.497Z"}
{"message":"No token provided...","level":"error","timestamp":"2020-10-26T02:16:32.004Z"}
{"message":"note creation failed","level":"error","timestamp":"2020-10-26T02:25:26.456Z"}
{"message":"No token provided...","level":"error","timestamp":"2020-10-26T02:56:30.969Z"}
{"message":"No token provided...","level":"error","timestamp":"2020-10-26T02:56:34.952Z"}
{"message":"note creation failed","level":"error","timestamp":"2020-10-26T03:54:05.563Z"}
{"message":"note creation failed","level":"error","timestamp":"2020-10-26T04:14:17.619Z"}
{"message":"deletion failed. Some issue in deleting the noteerror: SequelizeForeignKeyConstraintError: update or delete on table \"notes\" violates foreign key constraint \"constraint_name\" on table \"collaborators\"","level":"error","timestamp":"2020-10-26T04:22:23.922Z"}
{"message":"note creation failed","level":"error","timestamp":"2020-10-26T04:37:33.466Z"}
{"message":"Something bad happendReferenceError: req is not defined","level":"error","timestamp":"2020-10-26T04:43:44.891Z"}
{"message":"note creation failed","level":"error","timestamp":"2020-10-26T04:49:41.982Z"}
{"message":"note creation failed","level":"error","timestamp":"2020-10-26T05:17:02.761Z"}
{"message":"Something bad happendReferenceError: req is not defined","level":"error","timestamp":"2020-10-26T05:43:34.266Z"}
{"message":"Something bad happendReferenceError: req is not defined","level":"error","timestamp":"2020-10-26T05:45:08.512Z"}
{"message":"Something bad happendReferenceError: req is not defined","level":"error","timestamp":"2020-10-26T05:45:22.241Z"}
