{"message":"Successsfully read all note......","level":"info","timestamp":"2020-09-27T21:36:08.868Z"}
{"message":"Successsfully read all note......","level":"info","timestamp":"2020-09-27T22:18:13.669Z"}
{"message":"Successsfully read all note......","level":"info","timestamp":"2020-09-27T22:18:22.583Z"}
{"message":"Successsfully read all note......","level":"info","timestamp":"2020-09-27T22:21:06.338Z"}
{"message":"Successsfully read all note......","level":"info","timestamp":"2020-09-27T22:21:16.083Z"}
{"message":"Successsfully read all note......","level":"info","timestamp":"2020-09-27T22:21:36.603Z"}
{"message":"Successsfully read all note......","level":"info","timestamp":"2020-09-27T22:23:29.212Z"}
{"message":"Successsfully read all note......","level":"info","timestamp":"2020-09-27T22:56:24.610Z"}{"message":"Successsfully read all note......","level":"info","timestamp":"2020-09-27T23:34:34.644Z"}
{"message":"note creation failed","level":"error","timestamp":"2020-09-27T23:37:48.168Z"}
{"message":"note creation failed","level":"error","timestamp":"2020-09-27T23:39:45.353Z"}
{"message":"note creation failed","level":"error","timestamp":"2020-09-27T23:40:09.175Z"}
{"message":"Successsfully read all note......","level":"info","timestamp":"2020-09-27T23:40:09.353Z"}
{"message":"note creation failed","level":"error","timestamp":"2020-09-27T23:41:37.674Z"}
{"message":"note creation failed","level":"error","timestamp":"2020-09-27T23:41:37.693Z"}
{"message":"note creation failed","level":"error","timestamp":"2020-09-27T23:44:04.018Z"}
{"message":"note creation failed","level":"error","timestamp":"2020-09-27T23:44:04.022Z"}
{"message":"note creation failed","level":"error","timestamp":"2020-09-27T23:44:55.354Z"}
{"message":"note creation failed","level":"error","timestamp":"2020-09-27T23:44:55.366Z"}
{"message":"note creation failed","level":"error","timestamp":"2020-09-27T23:45:02.958Z"}
{"message":"note creation failed","level":"error","timestamp":"2020-09-27T23:45:02.961Z"}
{"message":"note creation failed","level":"error","timestamp":"2020-09-27T23:45:07.449Z"}
{"message":"note creation failed","level":"error","timestamp":"2020-09-27T23:45:07.462Z"}
{"message":"note creation failed","level":"error","timestamp":"2020-09-27T23:45:10.549Z"}
{"message":"note creation failed","level":"error","timestamp":"2020-09-27T23:45:10.568Z"}
{"message":"note creation failed","level":"error","timestamp":"2020-09-27T23:45:11.099Z"}
{"message":"note creation failed","level":"error","timestamp":"2020-09-27T23:45:11.114Z"}
{"message":"note creation failed","level":"error","timestamp":"2020-09-27T23:45:15.838Z"}
{"message":"note creation failed","level":"error","timestamp":"2020-09-27T23:45:15.849Z"}
{"message":"note creation failed","level":"error","timestamp":"2020-09-27T23:47:30.527Z"}
{"message":"note creation failed","level":"error","timestamp":"2020-09-27T23:47:30.535Z"}
{"message":"note creation failed","level":"error","timestamp":"2020-09-27T23:48:01.371Z"}
{"message":"note creation failed","level":"error","timestamp":"2020-09-27T23:48:01.380Z"}
{"message":"note creation failed","level":"error","timestamp":"2020-09-27T23:48:26.173Z"}
{"message":"note creation failed","level":"error","timestamp":"2020-09-27T23:48:26.183Z"}
{"message":"note creation failed","level":"error","timestamp":"2020-09-27T23:48:56.655Z"}
{"message":"Successfully note created","level":"info","timestamp":"2020-09-27T23:48:56.936Z"}
{"message":"note creation failed","level":"error","timestamp":"2020-09-27T23:49:31.508Z"}
{"message":"Successsfully read all note......","level":"info","timestamp":"2020-09-27T23:49:31.742Z"}
{"message":"Server is listening on port 4000","level":"info","timestamp":"2020-09-28T00:45:59.748Z"}
{"message":"Server is listening on port 4000","level":"info","timestamp":"2020-09-28T00:46:06.806Z"}
{"message":"Server is listening on port 4000","level":"info","timestamp":"2020-09-28T00:46:46.320Z"}
{"message":"Server is listening on port 4000","level":"info","timestamp":"2020-09-28T00:46:48.437Z"}
{"level":"info","message":"Server is listening on port 4000","timestamp":"2020-09-28T00:48:22.647Z"}
{"level":"info","message":"Server is listening on port 4000","timestamp":"2020-09-28T00:50:16.038Z"}
{"level":"info","message":"Server is listening on port 4000","timestamp":"2020-09-28T00:50:27.889Z"}
{"level":"info","message":"Server is listening on port 4000","timestamp":"2020-09-28T00:50:42.715Z"}
{"level":"info","message":"Server is listening on port 4000","timestamp":"2020-09-28T00:50:46.158Z"}
{"level":"info","message":"Server is listening on port 4000","timestamp":"2020-09-28T00:50:48.617Z"}
{"level":"info","message":"Server is listening on port 4000","timestamp":"2020-09-28T00:50:50.369Z"}
{"level":"info","message":"Server is listening on port 4000","timestamp":"2020-09-28T00:50:52.215Z"}
{"level":"info","message":"Server is listening on port 4000","timestamp":"2020-09-28T00:51:03.352Z"}
{"level":"info","message":"Server is listening on port 4000","timestamp":"2020-09-28T00:51:14.318Z"}
{"level":"info","message":"Server is listening on port 4000","timestamp":"2020-09-28T00:51:19.400Z"}
{"level":"info","message":"Server is listening on port 4000","timestamp":"2020-09-28T00:51:22.581Z"}
{"level":"info","message":"Server is listening on port 4000","timestamp":"2020-09-28T00:52:23.477Z"}
{"message":"note creation failed","level":"error","timestamp":"2020-09-28T07:20:07.641Z"}
{"message":"updetion failed. SequelizeDatabaseError: invalid input syntax for integer: \"Ankit's notes\"","level":"error","timestamp":"2020-09-28T07:20:07.836Z"}
{"message":"note creation failed","level":"error","timestamp":"2020-09-28T07:20:36.757Z"}
{"message":"congrats You Are Successsfully updated the note","level":"info","timestamp":"2020-09-28T07:20:36.821Z"}
{"message":"deletion failed. Some issue in deleting the noteTypeError: note.delete is not a function","level":"error","timestamp":"2020-09-28T07:30:11.468Z"}
{"message":"deletion failed. Some issue in deleting the noteerror: ReferenceError: noteid is not defined","level":"error","timestamp":"2020-09-28T07:30:50.575Z"}
{"message":"deletion failed. Some issue in deleting the noteerror: TypeError: this.findNote is not a function","level":"error","timestamp":"2020-09-28T07:31:16.036Z"}
{"message":"deletion failed. Some issue in deleting the noteerror: TypeError: this.noteModel.findNote is not a function","level":"error","timestamp":"2020-09-28T07:31:39.566Z"}
{"message":"deletion failed. Some issue in deleting the noteerror: ReferenceError: noteModel is not defined","level":"error","timestamp":"2020-09-28T07:33:55.812Z"}
{"message":"deletion failed. Some issue in deleting the noteerror: Sorry no such note found","level":"error","timestamp":"2020-09-28T07:35:36.891Z"}
{"message":"deletion failed. Some issue in deleting the noteerror: Sorry no such note found: ","level":"error","timestamp":"2020-09-28T07:37:05.414Z"}
{"message":"deletion failed. Some issue in deleting the noteerror: Sorry no such note found: ","level":"error","timestamp":"2020-09-28T07:38:16.702Z"}
{"message":"deletion failed. Some issue in deleting the noteerror: Sorry no such note found: ","level":"error","timestamp":"2020-09-28T07:38:52.546Z"}
{"message":"deletion failed. Some issue in deleting the noteerror: Sorry no such note found: ","level":"error","timestamp":"2020-09-28T07:39:19.570Z"}
{"message":"deletion failed. Some issue in deleting the noteerror: Sorry no such note found: ","level":"error","timestamp":"2020-09-28T07:39:39.270Z"}
{"message":"deletion failed. Some issue in deleting the noteerror: Sorry Some issue come in deleting the note: ","level":"error","timestamp":"2020-09-28T07:39:57.249Z"}
{"message":"deletion failed. Some issue in deleting the noteerror: Sorry Some issue come in deleting the note: ","level":"error","timestamp":"2020-09-28T07:41:24.193Z"}
{"message":"deletion failed. Some issue in deleting the noteerror: SequelizeDatabaseError: column \"notei_d\" does not exist","level":"error","timestamp":"2020-09-28T07:41:52.585Z"}
{"message":"deletion failed. Some issue in deleting the noteerror: Sorry Some issue come in deleting the note: ","level":"error","timestamp":"2020-09-28T07:42:15.383Z"}
{"message":"deletion failed. Some issue in deleting the noteerror: Sorry Some issue come in deleting the note: ","level":"error","timestamp":"2020-09-28T07:42:28.181Z"}
{"message":"Successsfully deleted the note","level":"info","timestamp":"2020-09-28T07:42:52.939Z"}
{"message":"Successsfully deleted the note","level":"info","timestamp":"2020-09-28T07:43:50.482Z"}
{"message":"invalid token or token has expired","level":"error","timestamp":"2020-09-28T10:46:07.555Z"}
{"message":"invalid token or token has expired","level":"error","timestamp":"2020-09-28T21:19:26.561Z"}
{"message":"note creation failed","level":"error","timestamp":"2020-09-28T21:25:37.192Z"}
{"message":"congrats You Are Successsfully read all note......","level":"info","timestamp":"2020-09-28T21:25:37.398Z"}
{"message":"Some issue in reading notes","level":"error","timestamp":"2020-09-28T21:25:37.403Z"}
{"message":"note creation failed","level":"error","timestamp":"2020-09-28T21:26:23.604Z"}
{"message":"congrats You Are Successsfully read all note......","level":"info","timestamp":"2020-09-28T21:26:23.745Z"}
{"message":"Some issue in reading notes","level":"error","timestamp":"2020-09-28T21:26:23.748Z"}
{"message":"note creation failed","level":"error","timestamp":"2020-09-28T21:27:00.366Z"}
{"message":"congrats You Are Successsfully read all note......","level":"info","timestamp":"2020-09-28T21:27:00.534Z"}
{"message":"Some issue in reading notes","level":"error","timestamp":"2020-09-28T21:27:00.538Z"}
{"message":"note creation failed","level":"error","timestamp":"2020-09-28T21:27:52.067Z"}
{"message":"congrats You Are Successsfully read all note......","level":"info","timestamp":"2020-09-28T21:27:52.309Z"}
{"message":"note creation failed","level":"error","timestamp":"2020-09-28T21:28:06.761Z"}
{"message":"congrats You Are Successsfully read all note......","level":"info","timestamp":"2020-09-28T21:28:06.988Z"}
{"message":"note creation failed","level":"error","timestamp":"2020-09-28T21:28:50.412Z"}
{"message":"congrats You Are Successsfully read all note......","level":"info","timestamp":"2020-09-28T21:28:50.544Z"}
{"message":"note creation failed","level":"error","timestamp":"2020-09-28T21:30:08.386Z"}
{"message":"congrats You Are Successsfully read all note......","level":"info","timestamp":"2020-09-28T21:30:08.518Z"}
{"message":"note creation failed","level":"error","timestamp":"2020-09-28T21:30:52.773Z"}
{"message":"congrats You Are Successsfully read all note......","level":"info","timestamp":"2020-09-28T21:30:53.026Z"}
{"message":"Some issue in reading notes","level":"error","timestamp":"2020-09-28T21:30:53.031Z"}
{"message":"note creation failed","level":"error","timestamp":"2020-09-28T21:31:33.170Z"}
{"message":"congrats You Are Successsfully read all note......","level":"info","timestamp":"2020-09-28T21:31:33.296Z"}
{"message":"note creation failed","level":"error","timestamp":"2020-09-28T22:06:19.166Z"}
{"message":"Some issue in reading notes","level":"error","timestamp":"2020-09-28T22:06:19.453Z"}
{"message":"note creation failed","level":"error","timestamp":"2020-09-28T22:07:12.775Z"}
{"message":"Some issue in reading notes","level":"error","timestamp":"2020-09-28T22:07:12.916Z"}
{"message":"note creation failed","level":"error","timestamp":"2020-09-28T22:13:37.669Z"}
{"message":"congrats You Are Successsfully read all note......","level":"info","timestamp":"2020-09-28T22:13:37.912Z"}
{"message":"note creation failed","level":"error","timestamp":"2020-09-28T22:13:43.945Z"}
{"message":"congrats You Are Successsfully read all note......","level":"info","timestamp":"2020-09-28T22:13:43.998Z"}
{"message":"note creation failed","level":"error","timestamp":"2020-09-28T22:13:47.758Z"}
{"message":"congrats You Are Successsfully read all note......","level":"info","timestamp":"2020-09-28T22:13:47.812Z"}
{"message":"note creation failed","level":"error","timestamp":"2020-09-28T22:13:52.230Z"}
{"message":"congrats You Are Successsfully read all note......","level":"info","timestamp":"2020-09-28T22:13:52.555Z"}
{"message":"note creation failed","level":"error","timestamp":"2020-09-28T22:14:04.646Z"}
{"message":"Some issue in reading notes","level":"error","timestamp":"2020-09-28T22:14:04.788Z"}
{"message":"note creation failed","level":"error","timestamp":"2020-09-28T22:19:01.445Z"}
{"message":"Some issue in reading notes","level":"error","timestamp":"2020-09-28T22:19:01.685Z"}
{"message":"note creation failed","level":"error","timestamp":"2020-09-28T22:19:51.765Z"}
{"message":"congrats You Are Successsfully read all note......","level":"info","timestamp":"2020-09-28T22:19:51.885Z"}
{"message":"note creation failed","level":"error","timestamp":"2020-09-28T22:20:03.237Z"}
{"message":"note creation failed","level":"error","timestamp":"2020-09-28T22:20:25.221Z"}
{"message":"note creation failed","level":"error","timestamp":"2020-09-28T22:28:51.088Z"}
{"message":"note creation failed","level":"error","timestamp":"2020-09-28T22:51:45.507Z"}
{"message":"note creation failed","level":"error","timestamp":"2020-09-28T23:12:57.644Z"}
{"message":"note creation failed","level":"error","timestamp":"2020-09-28T23:13:29.348Z"}
{"message":"note creation failed","level":"error","timestamp":"2020-09-28T23:14:25.261Z"}
{"message":"note creation failed","level":"error","timestamp":"2020-09-28T23:18:05.936Z"}
{"message":"note creation failed","level":"error","timestamp":"2020-09-28T23:18:44.581Z"}
{"message":"note creation failed","level":"error","timestamp":"2020-09-29T06:18:09.587Z"}
{"message":"congrats You Are Successsfully read all note......","level":"info","timestamp":"2020-09-29T06:18:09.793Z"}
{"message":"note creation failed","level":"error","timestamp":"2020-09-29T06:18:20.180Z"}
{"message":"note creation failed","level":"error","timestamp":"2020-09-29T06:29:07.247Z"}
{"message":"note creation failed","level":"error","timestamp":"2020-09-29T06:29:35.866Z"}
{"message":"note creation failed","level":"error","timestamp":"2020-09-29T06:30:00.693Z"}
{"message":"note creation failed","level":"error","timestamp":"2020-09-29T06:30:20.295Z"}
{"message":"note creation failed","level":"error","timestamp":"2020-09-29T06:31:53.643Z"}
{"message":"Some issue in reading notes","level":"error","timestamp":"2020-09-29T06:31:53.903Z"}
{"message":"note creation failed","level":"error","timestamp":"2020-09-29T06:32:48.900Z"}
{"message":"congrats You Are Successsfully read all note......","level":"info","timestamp":"2020-09-29T06:32:49.165Z"}
{"message":"note creation failed","level":"error","timestamp":"2020-09-29T06:33:02.445Z"}
{"message":"congrats You Are Successsfully read all note......","level":"info","timestamp":"2020-09-29T06:33:02.635Z"}
{"message":"note creation failed","level":"error","timestamp":"2020-09-29T06:33:26.297Z"}
{"message":"congrats You Are Successsfully read all note......","level":"info","timestamp":"2020-09-29T06:33:26.584Z"}
{"message":"note creation failed","level":"error","timestamp":"2020-09-29T06:33:52.794Z"}
{"message":"congrats You Are Successsfully read all note......","level":"info","timestamp":"2020-09-29T06:33:52.974Z"}
{"message":"note creation failed","level":"error","timestamp":"2020-09-29T06:34:09.226Z"}
{"message":"congrats You Are Successsfully read all note......","level":"info","timestamp":"2020-09-29T06:34:09.479Z"}
{"message":"note creation failed","level":"error","timestamp":"2020-09-29T06:34:13.354Z"}
{"message":"note creation failed","level":"error","timestamp":"2020-09-29T06:35:05.931Z"}
{"message":"congrats You Are Successsfully read all note......","level":"info","timestamp":"2020-09-29T06:35:06.174Z"}
{"message":"note creation failed","level":"error","timestamp":"2020-09-29T06:35:08.938Z"}
{"message":"note creation failed","level":"error","timestamp":"2020-09-29T06:49:10.151Z"}
{"message":"congrats You Are Successsfully read all note......","level":"info","timestamp":"2020-09-29T06:49:10.521Z"}
{"message":"note creation failed","level":"error","timestamp":"2020-09-29T06:50:01.948Z"}
{"message":"congrats You Are Successsfully read all note......","level":"info","timestamp":"2020-09-29T06:50:02.123Z"}
{"message":"note creation failed","level":"error","timestamp":"2020-09-29T06:50:36.375Z"}
{"message":"congrats You Are Successsfully read all note......","level":"info","timestamp":"2020-09-29T06:50:36.527Z"}
{"message":"note creation failed","level":"error","timestamp":"2020-09-29T06:50:37.996Z"}
{"message":"note creation failed","level":"error","timestamp":"2020-09-29T07:18:18.175Z"}
{"message":"congrats You Are Successsfully read all note......","level":"info","timestamp":"2020-09-29T07:18:18.583Z"}
{"message":"note creation failed","level":"error","timestamp":"2020-09-29T07:18:37.435Z"}
{"message":"invalid token or token has expired","level":"error","timestamp":"2020-09-29T07:25:42.078Z"}
{"message":"invalid token or token has expired","level":"error","timestamp":"2020-09-29T07:25:48.957Z"}
{"message":"note creation failed","level":"error","timestamp":"2020-09-29T07:33:04.105Z"}
{"message":"congrats You Are Successsfully read all note......","level":"info","timestamp":"2020-09-29T07:33:04.287Z"}
{"message":"note creation failed","level":"error","timestamp":"2020-09-29T07:33:13.000Z"}
{"message":"login token has verified","level":"error","timestamp":"2020-09-29T08:14:59.287Z"}
{"message":"congrats You Are Successsfully read all note......","level":"info","timestamp":"2020-09-29T08:14:59.503Z"}
{"message":"login token has verified","level":"error","timestamp":"2020-09-29T08:15:46.719Z"}
{"message":"login token has verified","level":"error","timestamp":"2020-09-29T18:40:09.519Z"}
{"message":"congrats You Are Successsfully read all note......","level":"info","timestamp":"2020-09-29T18:40:09.829Z"}
{"message":"login token has verified","level":"error","timestamp":"2020-09-29T18:40:48.590Z"}
{"message":"congrats You Are Successsfully created the note","level":"info","timestamp":"2020-09-29T18:40:48.788Z"}
{"message":"login token has verified","level":"error","timestamp":"2020-09-29T18:42:43.370Z"}
{"message":"congrats You Are Successsfully created the note","level":"info","timestamp":"2020-09-29T18:42:43.427Z"}
{"message":"login token has verified","level":"error","timestamp":"2020-09-29T20:58:27.775Z"}
{"message":"note creation failed","level":"error","timestamp":"2020-09-29T20:58:27.779Z"}
{"message":"login token has verified","level":"error","timestamp":"2020-09-29T21:01:41.479Z"}
{"message":"note creation failed","level":"error","timestamp":"2020-09-29T21:01:41.482Z"}
{"message":"login token has verified","level":"error","timestamp":"2020-09-29T21:01:46.190Z"}
{"message":"note creation failed","level":"error","timestamp":"2020-09-29T21:01:46.192Z"}
{"message":"login token has verified","level":"error","timestamp":"2020-09-29T21:01:53.470Z"}
{"message":"congrats You Are Successsfully created the note","level":"info","timestamp":"2020-09-29T21:01:53.743Z"}
{"message":"login token has verified","level":"error","timestamp":"2020-09-29T21:27:40.069Z"}
{"message":"Some issue in reading notes","level":"error","timestamp":"2020-09-29T21:27:40.232Z"}
{"message":"login token has verified","level":"error","timestamp":"2020-09-29T21:28:02.394Z"}
{"message":"congrats You Are Successsfully read all note......","level":"info","timestamp":"2020-09-29T21:28:02.523Z"}
{"message":"login token has verified","level":"error","timestamp":"2020-09-29T21:39:55.682Z"}
{"message":"Some issue in reading notes","level":"error","timestamp":"2020-09-29T21:39:55.893Z"}
{"message":"login token has verified","level":"error","timestamp":"2020-09-29T21:40:45.058Z"}
{"message":"Some issue in reading notes","level":"error","timestamp":"2020-09-29T21:40:45.194Z"}
{"message":"login token has verified","level":"error","timestamp":"2020-09-29T21:42:05.728Z"}
{"message":"Some issue in reading notes","level":"error","timestamp":"2020-09-29T21:42:05.745Z"}
{"message":"login token has verified","level":"error","timestamp":"2020-09-29T21:45:46.661Z"}
{"message":"Some issue in reading notes","level":"error","timestamp":"2020-09-29T21:45:46.678Z"}
{"message":"login token has verified","level":"error","timestamp":"2020-09-29T21:48:57.478Z"}
{"message":"Some issue in reading notes","level":"error","timestamp":"2020-09-29T21:48:57.499Z"}
{"message":"login token has verified","level":"error","timestamp":"2020-09-29T21:49:24.597Z"}
{"message":"Some issue in reading notes","level":"error","timestamp":"2020-09-29T21:49:24.616Z"}
{"message":"login token has verified","level":"error","timestamp":"2020-09-29T21:49:45.008Z"}
{"message":"Some issue in reading notes","level":"error","timestamp":"2020-09-29T21:49:45.024Z"}
{"message":"login token has verified","level":"error","timestamp":"2020-09-29T21:50:00.290Z"}
{"message":"Some issue in reading notes","level":"error","timestamp":"2020-09-29T21:50:00.430Z"}
{"message":"login token has verified","level":"error","timestamp":"2020-09-29T21:51:15.997Z"}
{"message":"Some issue in reading notes","level":"error","timestamp":"2020-09-29T21:51:16.128Z"}
{"message":"login token has verified","level":"error","timestamp":"2020-09-29T21:54:11.006Z"}
{"message":"Some issue in reading notes","level":"error","timestamp":"2020-09-29T21:54:11.169Z"}
{"message":"login token has verified","level":"error","timestamp":"2020-09-29T21:54:43.800Z"}
{"message":"Some issue in reading notes: ","level":"error","timestamp":"2020-09-29T21:54:44.039Z"}
{"message":"login token has verified","level":"error","timestamp":"2020-09-29T21:54:48.858Z"}
{"message":"Some issue in reading notes: ","level":"error","timestamp":"2020-09-29T21:54:48.995Z"}
{"message":"login token has verified","level":"error","timestamp":"2020-09-29T21:54:57.739Z"}
{"message":"Some issue in reading notes: ","level":"error","timestamp":"2020-09-29T21:54:57.972Z"}
{"message":"login token has verified","level":"error","timestamp":"2020-09-29T21:55:26.882Z"}
{"message":"Some issue in reading notes: ","level":"error","timestamp":"2020-09-29T21:55:26.957Z"}
{"message":"login token has verified","level":"error","timestamp":"2020-09-29T21:55:58.628Z"}
{"message":"Some issue in reading notes: ","level":"error","timestamp":"2020-09-29T21:55:58.762Z"}
{"message":"login token has verified","level":"error","timestamp":"2020-09-29T21:56:23.287Z"}
{"message":"Some issue in reading notes: ","level":"error","timestamp":"2020-09-29T21:56:23.525Z"}
{"message":"login token has verified","level":"error","timestamp":"2020-09-29T21:57:04.165Z"}
{"message":"Some issue in reading notes: ","level":"error","timestamp":"2020-09-29T21:57:04.287Z"}
{"message":"login token has verified","level":"error","timestamp":"2020-09-29T21:57:34.093Z"}
{"message":"Some issue in reading notes: ","level":"error","timestamp":"2020-09-29T21:57:34.227Z"}
{"message":"login token has verified","level":"error","timestamp":"2020-09-29T21:57:41.210Z"}
{"message":"Some issue in reading notes: ","level":"error","timestamp":"2020-09-29T21:57:41.227Z"}
{"message":"login token has verified","level":"error","timestamp":"2020-09-29T21:57:48.371Z"}
{"message":"Some issue in reading notes: ","level":"error","timestamp":"2020-09-29T21:57:48.507Z"}
{"message":"login token has verified","level":"error","timestamp":"2020-09-29T21:58:44.378Z"}
{"message":"Some issue in reading notes: ","level":"error","timestamp":"2020-09-29T21:58:44.511Z"}
{"message":"login token has verified","level":"error","timestamp":"2020-09-29T21:59:20.946Z"}
{"message":"Some issue in reading notes: ","level":"error","timestamp":"2020-09-29T21:59:21.058Z"}
{"message":"login token has verified","level":"error","timestamp":"2020-09-29T22:00:09.400Z"}
{"message":"Some issue in reading notes: ","level":"error","timestamp":"2020-09-29T22:00:09.614Z"}
{"message":"login token has verified","level":"error","timestamp":"2020-09-29T22:00:59.922Z"}
{"message":"congrats You Are Successsfully read all note......","level":"info","timestamp":"2020-09-29T22:01:00.059Z"}
{"message":"login token has verified","level":"error","timestamp":"2020-09-29T22:01:47.394Z"}
{"message":"congrats You Are Successsfully read all note......","level":"info","timestamp":"2020-09-29T22:01:47.503Z"}
{"message":"login token has verified","level":"error","timestamp":"2020-09-29T22:03:21.588Z"}
{"message":"congrats You Are Successsfully read all note......","level":"info","timestamp":"2020-09-29T22:03:21.740Z"}
{"message":"login token has verified","level":"error","timestamp":"2020-09-29T22:05:39.772Z"}
{"message":"congrats You Are Successsfully read all note......","level":"info","timestamp":"2020-09-29T22:05:39.966Z"}
{"message":"login token has verified","level":"error","timestamp":"2020-09-29T22:05:51.849Z"}
{"message":"congrats You Are Successsfully read all note......","level":"info","timestamp":"2020-09-29T22:05:51.990Z"}
{"message":"login token has verified","level":"error","timestamp":"2020-09-29T22:06:28.480Z"}
{"message":"congrats You Are Successsfully read all note......","level":"info","timestamp":"2020-09-29T22:06:28.607Z"}
{"message":"login token has verified","level":"error","timestamp":"2020-09-30T07:07:58.348Z"}
{"message":"note creation failed","level":"error","timestamp":"2020-09-30T07:07:58.564Z"}
{"message":"login token has verified","level":"error","timestamp":"2020-09-30T07:13:44.752Z"}
{"message":"note creation failed","level":"error","timestamp":"2020-09-30T07:13:44.792Z"}
{"message":"login token has verified","level":"error","timestamp":"2020-09-30T07:14:39.668Z"}
{"message":"note creation failed","level":"error","timestamp":"2020-09-30T07:14:39.809Z"}
{"message":"login token has verified","level":"error","timestamp":"2020-09-30T07:15:30.265Z"}
{"message":"note creation failed","level":"error","timestamp":"2020-09-30T07:15:30.384Z"}
{"message":"login token has verified","level":"error","timestamp":"2020-09-30T07:15:59.228Z"}
{"message":"note creation failed","level":"error","timestamp":"2020-09-30T07:15:59.274Z"}
{"message":"login token has verified","level":"error","timestamp":"2020-09-30T07:16:50.062Z"}
{"message":"note creation failed","level":"error","timestamp":"2020-09-30T07:16:50.105Z"}
{"message":"login token has verified","level":"error","timestamp":"2020-09-30T07:17:18.681Z"}
{"message":"congrats You Are Successsfully created the note","level":"info","timestamp":"2020-09-30T07:17:18.796Z"}
{"message":"login token has verified","level":"error","timestamp":"2020-09-30T07:18:32.458Z"}
{"message":"congrats You Are Successsfully created the note","level":"info","timestamp":"2020-09-30T07:18:32.565Z"}
{"message":"login token has verified","level":"error","timestamp":"2020-09-30T07:19:42.953Z"}
{"message":"congrats You Are Successsfully created the note","level":"info","timestamp":"2020-09-30T07:19:43.073Z"}
{"message":"login token has verified","level":"error","timestamp":"2020-09-30T07:20:41.462Z"}
{"message":"congrats You Are Successsfully created the note","level":"info","timestamp":"2020-09-30T07:20:41.513Z"}
{"message":"login token has verified","level":"error","timestamp":"2020-09-30T07:23:23.461Z"}
{"message":"congrats You Are Successsfully created the note","level":"info","timestamp":"2020-09-30T07:23:23.611Z"}
{"message":"login token has verified","level":"error","timestamp":"2020-09-30T07:26:28.591Z"}
{"message":"congrats You Are Successsfully created the note","level":"info","timestamp":"2020-09-30T07:26:28.652Z"}
{"message":"login token has verified","level":"error","timestamp":"2020-09-30T07:27:20.957Z"}
{"message":"congrats You Are Successsfully created the note","level":"info","timestamp":"2020-09-30T07:27:21.175Z"}
{"message":"login token has verified","level":"error","timestamp":"2020-09-30T07:29:29.934Z"}
{"message":"congrats You Are Successsfully created the note","level":"info","timestamp":"2020-09-30T07:29:30.007Z"}
{"message":"login token has verified","level":"error","timestamp":"2020-09-30T07:30:03.311Z"}
{"message":"congrats You Are Successsfully read all note......","level":"info","timestamp":"2020-09-30T07:30:03.407Z"}
{"message":"login token has verified","level":"error","timestamp":"2020-09-30T07:30:08.457Z"}
{"message":"congrats You Are Successsfully read all note......","level":"info","timestamp":"2020-09-30T07:30:08.498Z"}
{"message":"login token has verified","level":"error","timestamp":"2020-09-30T07:30:24.343Z"}
{"message":"congrats You Are Successsfully read all note......","level":"info","timestamp":"2020-09-30T07:30:24.502Z"}
{"message":"login token has verified","level":"error","timestamp":"2020-09-30T07:32:52.137Z"}
{"message":"congrats You Are Successsfully created the note","level":"info","timestamp":"2020-09-30T07:32:52.385Z"}
{"message":"login token has verified","level":"error","timestamp":"2020-09-30T07:33:00.594Z"}
{"message":"congrats You Are Successsfully read all note......","level":"info","timestamp":"2020-09-30T07:33:00.624Z"}
{"message":"login token has verified","level":"error","timestamp":"2020-09-30T07:33:06.778Z"}
{"message":"congrats You Are Successsfully read all note......","level":"info","timestamp":"2020-09-30T07:33:06.803Z"}
{"message":"login token has verified","level":"error","timestamp":"2020-09-30T07:33:41.136Z"}
{"message":"congrats You Are Successsfully read all note......","level":"info","timestamp":"2020-09-30T07:33:41.273Z"}
{"message":"login token has verified","level":"error","timestamp":"2020-09-30T07:33:58.820Z"}
{"message":"congrats You Are Successsfully read all note......","level":"info","timestamp":"2020-09-30T07:33:58.937Z"}
{"message":"login token has verified","level":"error","timestamp":"2020-09-30T07:34:05.373Z"}
{"message":"congrats You Are Successsfully read all note......","level":"info","timestamp":"2020-09-30T07:34:05.614Z"}
{"message":"login token has verified","level":"error","timestamp":"2020-09-30T07:35:20.567Z"}
{"message":"congrats You Are Successsfully read all note......","level":"info","timestamp":"2020-09-30T07:35:20.681Z"}
{"message":"login token has verified","level":"error","timestamp":"2020-09-30T07:35:25.363Z"}
{"message":"congrats You Are Successsfully read all note......","level":"info","timestamp":"2020-09-30T07:35:25.385Z"}
{"message":"login token has verified","level":"error","timestamp":"2020-09-30T07:35:45.898Z"}
{"message":"congrats You Are Successsfully read all note......","level":"info","timestamp":"2020-09-30T07:35:46.068Z"}
{"message":"login token has verified","level":"error","timestamp":"2020-09-30T07:35:57.665Z"}
{"message":"congrats You Are Successsfully created the note","level":"info","timestamp":"2020-09-30T07:35:57.749Z"}
{"message":"login token has verified","level":"error","timestamp":"2020-09-30T07:37:14.381Z"}
{"message":"congrats You Are Successsfully created the note","level":"info","timestamp":"2020-09-30T07:37:14.526Z"}
{"message":"login token has verified","level":"error","timestamp":"2020-09-30T07:37:40.210Z"}
{"message":"congrats You Are Successsfully created the note","level":"info","timestamp":"2020-09-30T07:37:40.513Z"}
{"message":"login token has verified","level":"error","timestamp":"2020-09-30T07:37:52.725Z"}
{"message":"congrats You Are Successsfully created the note","level":"info","timestamp":"2020-09-30T07:37:52.857Z"}
{"message":"login token has verified","level":"error","timestamp":"2020-09-30T07:38:04.592Z"}
{"message":"congrats You Are Successsfully created the note","level":"info","timestamp":"2020-09-30T07:38:04.731Z"}
{"message":"login token has verified","level":"error","timestamp":"2020-09-30T07:38:43.764Z"}
{"message":"congrats You Are Successsfully created the note","level":"info","timestamp":"2020-09-30T07:38:43.922Z"}
{"message":"login token has verified","level":"error","timestamp":"2020-09-30T07:40:36.298Z"}
{"message":"congrats You Are Successsfully created the note","level":"info","timestamp":"2020-09-30T07:40:36.434Z"}
{"message":"login token has verified","level":"error","timestamp":"2020-09-30T07:45:36.828Z"}
{"message":"congrats You Are Successsfully created the note","level":"info","timestamp":"2020-09-30T07:45:36.974Z"}
{"message":"login token has verified","level":"error","timestamp":"2020-09-30T07:46:39.022Z"}
{"message":"congrats You Are Successsfully created the note","level":"info","timestamp":"2020-09-30T07:46:39.089Z"}
{"message":"login token has verified","level":"error","timestamp":"2020-09-30T07:46:46.566Z"}
{"message":"congrats You Are Successsfully read all note......","level":"info","timestamp":"2020-09-30T07:46:46.602Z"}
{"message":"login token has verified","level":"error","timestamp":"2020-09-30T07:47:04.963Z"}
{"message":"Some issue in reading notes: ","level":"error","timestamp":"2020-09-30T07:47:05.084Z"}
{"message":"login token has verified","level":"error","timestamp":"2020-09-30T07:47:20.981Z"}
{"message":"congrats You Are Successsfully read all note......","level":"info","timestamp":"2020-09-30T07:47:21.387Z"}
{"message":"login token has verified","level":"error","timestamp":"2020-09-30T07:47:25.258Z"}
{"message":"congrats You Are Successsfully read all note......","level":"info","timestamp":"2020-09-30T07:47:25.384Z"}
{"message":"login token has verified","level":"error","timestamp":"2020-09-30T07:47:46.355Z"}
{"message":"congrats You Are Successsfully read all note......","level":"info","timestamp":"2020-09-30T07:47:46.469Z"}
{"message":"login token has verified","level":"error","timestamp":"2020-09-30T07:47:50.928Z"}
{"message":"congrats You Are Successsfully read all note......","level":"info","timestamp":"2020-09-30T07:47:50.939Z"}
{"message":"login token has verified","level":"error","timestamp":"2020-09-30T07:49:27.858Z"}
{"message":"congrats You Are Successsfully read all note......","level":"info","timestamp":"2020-09-30T07:49:28.083Z"}
{"message":"login token has verified","level":"error","timestamp":"2020-09-30T07:51:01.221Z"}
{"message":"congrats You Are Successsfully read all note......","level":"info","timestamp":"2020-09-30T07:51:01.438Z"}
{"message":"login token has verified","level":"error","timestamp":"2020-09-30T07:51:13.022Z"}
{"message":"congrats You Are Successsfully read all note......","level":"info","timestamp":"2020-09-30T07:51:13.139Z"}
{"message":"login token has verified","level":"error","timestamp":"2020-09-30T07:51:37.688Z"}
{"message":"congrats You Are Successsfully read all note......","level":"info","timestamp":"2020-09-30T07:51:37.798Z"}
{"message":"login token has verified","level":"error","timestamp":"2020-09-30T07:51:46.948Z"}
{"message":"congrats You Are Successsfully read all note......","level":"info","timestamp":"2020-09-30T07:51:47.073Z"}
{"message":"login token has verified","level":"error","timestamp":"2020-09-30T08:02:20.549Z"}
{"message":"congrats You Are Successsfully read all note......","level":"info","timestamp":"2020-09-30T08:02:20.617Z"}
{"message":"login token has verified","level":"error","timestamp":"2020-09-30T08:07:29.071Z"}
{"message":"congrats You Are Successsfully read all note......","level":"info","timestamp":"2020-09-30T08:07:29.198Z"}
{"message":"login token has verified","level":"error","timestamp":"2020-09-30T08:07:45.392Z"}
{"message":"congrats You Are Successsfully read all note......","level":"info","timestamp":"2020-09-30T08:07:45.557Z"}
{"message":"login token has verified","level":"error","timestamp":"2020-09-30T08:07:58.457Z"}
{"message":"congrats You Are Successsfully read all note......","level":"info","timestamp":"2020-09-30T08:07:58.717Z"}
{"message":"login token has verified","level":"error","timestamp":"2020-09-30T08:08:15.600Z"}
{"message":"congrats You Are Successsfully read all note......","level":"info","timestamp":"2020-09-30T08:08:15.724Z"}
{"message":"login token has verified","level":"error","timestamp":"2020-09-30T08:08:26.783Z"}
{"message":"congrats You Are Successsfully read all note......","level":"info","timestamp":"2020-09-30T08:08:26.920Z"}
{"message":"login token has verified","level":"error","timestamp":"2020-09-30T08:08:35.671Z"}
{"message":"congrats You Are Successsfully read all note......","level":"info","timestamp":"2020-09-30T08:08:35.829Z"}
{"message":"login token has verified","level":"error","timestamp":"2020-09-30T08:08:48.787Z"}
{"message":"login token has verified","level":"error","timestamp":"2020-09-30T08:11:50.705Z"}
{"message":"login token has verified","level":"error","timestamp":"2020-09-30T08:16:50.829Z"}
{"message":"congrats You Are Successsfully created the note","level":"info","timestamp":"2020-09-30T08:16:50.957Z"}
{"message":"login token has verified","level":"error","timestamp":"2020-09-30T08:16:57.646Z"}
{"message":"login token has verified","level":"error","timestamp":"2020-09-30T08:19:04.097Z"}
{"message":"login token has verified","level":"error","timestamp":"2020-09-30T08:19:09.849Z"}
{"message":"note creation failed","level":"error","timestamp":"2020-09-30T08:19:10.101Z"}
{"message":"login token has verified","level":"error","timestamp":"2020-09-30T08:20:38.126Z"}
{"message":"congrats You Are Successsfully created the note","level":"info","timestamp":"2020-09-30T08:20:38.252Z"}
{"message":"login token has verified","level":"error","timestamp":"2020-09-30T08:20:47.112Z"}
{"message":"congrats You Are Successsfully read all note......","level":"info","timestamp":"2020-09-30T08:20:47.136Z"}
{"message":"login token has verified","level":"error","timestamp":"2020-09-30T08:20:54.828Z"}
{"message":"login token has verified","level":"error","timestamp":"2020-09-30T08:24:49.808Z"}
{"message":"note creation failed","level":"error","timestamp":"2020-09-30T08:24:49.897Z"}
{"message":"login token has verified","level":"error","timestamp":"2020-09-30T08:25:10.083Z"}
{"message":"note creation failed","level":"error","timestamp":"2020-09-30T08:25:10.098Z"}
{"message":"login token has verified","level":"error","timestamp":"2020-09-30T08:25:33.991Z"}
{"message":"note creation failed","level":"error","timestamp":"2020-09-30T08:25:34.007Z"}
{"message":"login token has verified","level":"error","timestamp":"2020-09-30T08:32:03.946Z"}
{"message":"note creation failed","level":"error","timestamp":"2020-09-30T08:32:03.969Z"}
{"message":"login token has verified","level":"error","timestamp":"2020-09-30T08:32:28.098Z"}
{"message":"note creation failed","level":"error","timestamp":"2020-09-30T08:32:28.107Z"}
{"message":"login token has verified","level":"error","timestamp":"2020-09-30T08:33:45.640Z"}
{"message":"note creation failed","level":"error","timestamp":"2020-09-30T08:33:45.657Z"}
{"message":"login token has verified","level":"error","timestamp":"2020-09-30T08:34:37.114Z"}
{"message":"congrats You Are Successsfully created the note","level":"info","timestamp":"2020-09-30T08:34:37.441Z"}
{"message":"login token has verified","level":"error","timestamp":"2020-09-30T08:35:14.647Z"}
{"message":"Some issue in reading notes: ","level":"error","timestamp":"2020-09-30T08:35:14.711Z"}
{"message":"login token has verified","level":"error","timestamp":"2020-09-30T08:35:49.541Z"}
{"message":"congrats You Are Successsfully read all note......","level":"info","timestamp":"2020-09-30T08:35:49.764Z"}
{"message":"login token has verified","level":"error","timestamp":"2020-09-30T08:35:55.628Z"}
{"message":"login token has verified","level":"error","timestamp":"2020-09-30T08:39:03.076Z"}
{"message":"login token has verified","level":"error","timestamp":"2020-09-30T08:51:19.349Z"}
{"message":"login token has verified","level":"info","timestamp":"2020-09-30T09:41:02.332Z"}
{"message":"login token has verified","level":"info","timestamp":"2020-09-30T09:41:59.799Z"}
{"message":"login token has verified","level":"info","timestamp":"2020-09-30T09:44:24.003Z"}
{"message":"login token has verified","level":"info","timestamp":"2020-09-30T09:52:13.366Z"}
{"message":"note creation failed","level":"error","timestamp":"2020-09-30T09:52:13.371Z"}
{"message":"login token has verified","level":"info","timestamp":"2020-09-30T09:52:53.824Z"}
{"message":"note creation failed","level":"error","timestamp":"2020-09-30T09:52:53.826Z"}
{"message":"login token has verified","level":"info","timestamp":"2020-09-30T09:53:58.532Z"}
{"message":"note creation failed","level":"error","timestamp":"2020-09-30T09:53:58.563Z"}
{"message":"login token has verified","level":"info","timestamp":"2020-09-30T09:54:03.987Z"}
{"message":"congrats You Are Successsfully created the note","level":"info","timestamp":"2020-09-30T09:54:04.407Z"}
{"message":"invalid token or token has expired","level":"error","timestamp":"2020-09-30T09:55:19.191Z"}
{"message":"invalid token or token has expired","level":"error","timestamp":"2020-09-30T09:55:34.127Z"}
{"message":"invalid token or token has expired","level":"error","timestamp":"2020-09-30T09:55:38.168Z"}
{"message":"No token provided...","level":"error","timestamp":"2020-09-30T09:55:57.815Z"}
{"message":"login token has verified","level":"info","timestamp":"2020-09-30T09:56:07.709Z"}
{"message":"congrats You Are Successsfully created the note","level":"info","timestamp":"2020-09-30T09:56:07.878Z"}
{"message":"login token has verified","level":"info","timestamp":"2020-09-30T09:56:13.211Z"}
{"message":"congrats You Are Successsfully read all note......","level":"info","timestamp":"2020-09-30T09:56:13.335Z"}
{"message":"login token has verified","level":"info","timestamp":"2020-09-30T09:56:25.608Z"}
{"message":"login token has verified","level":"info","timestamp":"2020-09-30T11:23:29.722Z"}
{"message":"No token provided...","level":"error","timestamp":"2020-10-01T02:46:29.709Z"}
{"message":"No token provided...","level":"error","timestamp":"2020-10-01T02:46:48.541Z"}
{"message":"No token provided...","level":"error","timestamp":"2020-10-01T02:47:59.598Z"}
{"message":"No token provided...","level":"error","timestamp":"2020-10-01T02:48:42.487Z"}
{"message":"No token provided...","level":"error","timestamp":"2020-10-01T02:49:23.326Z"}
{"message":"No token provided...","level":"error","timestamp":"2020-10-01T02:49:39.483Z"}
{"message":"No token provided...","level":"error","timestamp":"2020-10-01T02:50:02.941Z"}
{"message":"No token provided...","level":"error","timestamp":"2020-10-01T02:50:13.861Z"}
{"message":"login token has verified","level":"info","timestamp":"2020-10-01T02:51:52.335Z"}
{"message":"No token provided...","level":"error","timestamp":"2020-10-01T02:52:17.847Z"}
{"message":"No token provided...","level":"error","timestamp":"2020-10-01T02:52:36.275Z"}
{"message":"No token provided...","level":"error","timestamp":"2020-10-01T02:52:56.507Z"}
{"message":"No token provided...","level":"error","timestamp":"2020-10-01T02:52:57.232Z"}
{"message":"No token provided...","level":"error","timestamp":"2020-10-01T02:53:06.793Z"}
{"message":"No token provided...","level":"error","timestamp":"2020-10-01T02:53:07.344Z"}
{"message":"No token provided...","level":"error","timestamp":"2020-10-01T02:53:07.674Z"}
{"message":"No token provided...","level":"error","timestamp":"2020-10-01T02:53:08.019Z"}
{"message":"No token provided...","level":"error","timestamp":"2020-10-01T02:53:54.603Z"}
{"message":"No token provided...","level":"error","timestamp":"2020-10-01T02:54:02.391Z"}
{"message":"label creation failed","level":"error","timestamp":"2020-10-01T20:15:54.611Z"}
{"message":"label creation failed","level":"error","timestamp":"2020-10-01T20:17:43.503Z"}
{"message":"label creation failed","level":"error","timestamp":"2020-10-01T20:19:37.420Z"}
{"message":"label creation failed","level":"error","timestamp":"2020-10-01T20:20:15.951Z"}
{"message":"login token has verified","level":"info","timestamp":"2020-10-01T20:20:41.473Z"}
{"message":"label creation failed","level":"error","timestamp":"2020-10-01T20:20:41.481Z"}
{"message":"login token has verified","level":"info","timestamp":"2020-10-01T20:21:30.483Z"}
{"message":"label creation failed","level":"error","timestamp":"2020-10-01T20:21:30.503Z"}
{"message":"login token has verified","level":"info","timestamp":"2020-10-01T20:21:37.167Z"}
{"message":"label creation failed","level":"error","timestamp":"2020-10-01T20:21:37.178Z"}
{"message":"login token has verified","level":"info","timestamp":"2020-10-01T20:21:46.022Z"}
{"message":"label creation failed","level":"error","timestamp":"2020-10-01T20:21:46.031Z"}
{"message":"login token has verified","level":"info","timestamp":"2020-10-01T20:21:53.826Z"}
{"message":"label creation failed","level":"error","timestamp":"2020-10-01T20:21:53.828Z"}
{"message":"login token has verified","level":"info","timestamp":"2020-10-01T20:21:58.684Z"}
{"message":"label creation failed","level":"error","timestamp":"2020-10-01T20:21:58.691Z"}
{"message":"login token has verified","level":"info","timestamp":"2020-10-01T20:23:31.526Z"}
{"message":"label creation failed","level":"error","timestamp":"2020-10-01T20:23:31.534Z"}
{"message":"login token has verified","level":"info","timestamp":"2020-10-01T20:27:11.276Z"}
{"message":"congrats You Are Successsfully created the label","level":"info","timestamp":"2020-10-01T20:27:11.529Z"}
{"message":"login token has verified","level":"info","timestamp":"2020-10-01T20:27:55.876Z"}
{"message":"congrats You Are Successsfully created the label","level":"info","timestamp":"2020-10-01T20:27:56.093Z"}
{"message":"login token has verified","level":"info","timestamp":"2020-10-01T21:40:08.474Z"}
{"message":"Some issue in reading labels: ","level":"error","timestamp":"2020-10-01T21:40:08.478Z"}
{"message":"login token has verified","level":"info","timestamp":"2020-10-01T21:43:30.725Z"}
{"message":"congrats You Are Successsfully read all labels......","level":"info","timestamp":"2020-10-01T21:43:31.004Z"}
{"message":"login token has verified","level":"info","timestamp":"2020-10-01T22:03:18.721Z"}
{"message":"congrats You Are Successsfully read all labels......","level":"info","timestamp":"2020-10-01T22:03:18.967Z"}
{"message":"login token has verified","level":"info","timestamp":"2020-10-01T22:16:07.302Z"}
{"message":"label creation failed","level":"error","timestamp":"2020-10-01T22:16:07.515Z"}
{"message":"login token has verified","level":"info","timestamp":"2020-10-01T22:16:45.683Z"}
{"message":"label creation failed","level":"error","timestamp":"2020-10-01T22:16:45.787Z"}
{"message":"login token has verified","level":"info","timestamp":"2020-10-01T22:16:55.529Z"}
{"message":"congrats You Are Successsfully created the label","level":"info","timestamp":"2020-10-01T22:16:55.744Z"}
{"message":"login token has verified","level":"info","timestamp":"2020-10-01T22:52:52.168Z"}
{"message":"label creation failed","level":"error","timestamp":"2020-10-01T22:52:52.294Z"}
{"message":"login token has verified","level":"info","timestamp":"2020-10-01T22:53:10.527Z"}
{"message":"congrats You Are Successsfully created the label","level":"info","timestamp":"2020-10-01T22:53:10.722Z"}
{"message":"login token has verified","level":"info","timestamp":"2020-10-02T05:50:36.257Z"}
{"message":"congrats You Are Successsfully read all labels......","level":"info","timestamp":"2020-10-02T05:50:36.442Z"}
{"message":"login token has verified","level":"info","timestamp":"2020-10-02T05:51:52.132Z"}
{"message":"congrats You Are Successsfully read all labels......","level":"info","timestamp":"2020-10-02T05:51:52.370Z"}
{"message":"login token has verified","level":"info","timestamp":"2020-10-02T05:52:01.471Z"}
{"message":"deletion failed. Some issue in deleting the labelerror: TypeError: this.findNote is not a function","level":"error","timestamp":"2020-10-02T05:52:01.483Z"}
{"message":"login token has verified","level":"info","timestamp":"2020-10-02T05:58:37.854Z"}
{"message":"deletion failed. Some issue in deleting the labelerror: TypeError: this.findNote is not a function","level":"error","timestamp":"2020-10-02T05:58:37.861Z"}
{"message":"login token has verified","level":"info","timestamp":"2020-10-02T06:13:26.245Z"}
{"message":"deletion failed. Some issue in deleting the labelerror: TypeError: this.findNote is not a function","level":"error","timestamp":"2020-10-02T06:13:26.258Z"}
{"message":"login token has verified","level":"info","timestamp":"2020-10-02T06:14:51.182Z"}
{"message":"deletion failed. Some issue in deleting the labelerror: TypeError: Cannot read property 'findOne' of undefined","level":"error","timestamp":"2020-10-02T06:14:51.192Z"}
{"message":"login token has verified","level":"info","timestamp":"2020-10-02T06:15:17.732Z"}
{"message":"deletion failed. Some issue in deleting the labelerror: TypeError: Cannot read property 'findOne' of undefined","level":"error","timestamp":"2020-10-02T06:15:17.743Z"}
{"message":"login token has verified","level":"info","timestamp":"2020-10-02T06:15:31.895Z"}
{"message":"deletion failed. Some issue in deleting the labelerror: Sorry no such label found: ","level":"error","timestamp":"2020-10-02T06:15:32.058Z"}
{"message":"login token has verified","level":"info","timestamp":"2020-10-02T06:15:42.142Z"}
{"message":"Successsfully deleted the label","level":"info","timestamp":"2020-10-02T06:15:42.302Z"}
{"message":"login token has verified","level":"info","timestamp":"2020-10-02T06:49:29.019Z"}
{"message":"congrats You Are Successsfully created the label","level":"info","timestamp":"2020-10-02T06:49:29.295Z"}
{"message":"login token has verified","level":"info","timestamp":"2020-10-02T06:49:56.351Z"}
{"message":"congrats You Are Successsfully created the label","level":"info","timestamp":"2020-10-02T06:49:56.445Z"}
{"message":"login token has verified","level":"info","timestamp":"2020-10-02T06:50:17.374Z"}
{"message":"congrats You Are Successsfully created the label","level":"info","timestamp":"2020-10-02T06:50:17.470Z"}
{"message":"login token has verified","level":"info","timestamp":"2020-10-02T06:51:34.914Z"}
{"message":"congrats You Are Successsfully read all labels......","level":"info","timestamp":"2020-10-02T06:51:35.029Z"}
{"message":"login token has verified","level":"info","timestamp":"2020-10-02T06:52:22.241Z"}
{"message":"Successsfully deleted the label","level":"info","timestamp":"2020-10-02T06:52:22.357Z"}
{"message":"login token has verified","level":"info","timestamp":"2020-10-02T06:52:40.961Z"}
{"message":"Successsfully deleted the label","level":"info","timestamp":"2020-10-02T06:52:41.088Z"}
{"message":"login token has verified","level":"info","timestamp":"2020-10-02T06:52:49.259Z"}
{"message":"Successsfully deleted the label","level":"info","timestamp":"2020-10-02T06:52:49.291Z"}
{"message":"login token has verified","level":"info","timestamp":"2020-10-02T22:14:35.850Z"}
{"message":"updetion failed. ReferenceError: note is not defined","level":"error","timestamp":"2020-10-02T22:14:35.856Z"}
{"message":"login token has verified","level":"info","timestamp":"2020-10-02T22:15:14.040Z"}
{"message":"congrats You Are Successsfully updated the label","level":"info","timestamp":"2020-10-02T22:15:14.054Z"}
{"message":"login token has verified","level":"info","timestamp":"2020-10-02T22:15:43.916Z"}
{"message":"congrats You Are Successsfully updated the label","level":"info","timestamp":"2020-10-02T22:15:43.928Z"}
{"message":"login token has verified","level":"info","timestamp":"2020-10-02T22:16:27.314Z"}
{"message":"congrats You Are Successsfully updated the label","level":"info","timestamp":"2020-10-02T22:16:27.329Z"}
{"message":"login token has verified","level":"info","timestamp":"2020-10-02T22:16:35.347Z"}
{"message":"congrats You Are Successsfully updated the label","level":"info","timestamp":"2020-10-02T22:16:35.367Z"}
{"message":"login token has verified","level":"info","timestamp":"2020-10-02T22:16:38.386Z"}
{"message":"congrats You Are Successsfully updated the label","level":"info","timestamp":"2020-10-02T22:16:38.389Z"}
{"message":"login token has verified","level":"info","timestamp":"2020-10-02T22:16:52.554Z"}
{"message":"congrats You Are Successsfully updated the label","level":"info","timestamp":"2020-10-02T22:16:52.764Z"}
{"message":"login token has verified","level":"info","timestamp":"2020-10-03T00:34:20.315Z"}
{"message":"congrats You Are Successsfully added the label","level":"info","timestamp":"2020-10-03T00:34:20.376Z"}
{"message":"login token has verified","level":"info","timestamp":"2020-10-05T07:02:45.662Z"}
{"message":"congrats You Are Successsfully read all note......","level":"info","timestamp":"2020-10-05T07:02:46.165Z"}
{"message":"All messages sent...","level":"error","timestamp":"2020-10-05T19:00:47.761Z"}
{"level":"info","message":"Delivered message %s","timestamp":"2020-10-05T19:00:51.016Z"}
{"message":"All messages sent...","level":"error","timestamp":"2020-10-05T19:14:15.187Z"}
{"level":"info","message":"Delivered message %s","timestamp":"2020-10-05T19:14:18.236Z"}
{"message":"All messages sent...","level":"error","timestamp":"2020-10-05T19:17:17.027Z"}
{"level":"info","message":"Delivered message %s","timestamp":"2020-10-05T19:17:19.869Z"}
{"message":"All messages sent...","level":"error","timestamp":"2020-10-05T19:18:05.408Z"}
{"level":"info","message":"Delivered message %s","timestamp":"2020-10-05T19:18:08.341Z"}
{"message":"No result found, there is no such email registeredemail not found: TypeError: Cannot read property 'id' of null","level":"error","timestamp":"2020-10-05T20:13:05.051Z"}
{"message":"No result found, there is no such email registeredemail not found: TypeError: Cannot read property 'id' of null","level":"error","timestamp":"2020-10-05T20:16:38.403Z"}
{"message":"No result found, there is no such email registeredemail not found: TypeError: Cannot read property 'id' of null","level":"error","timestamp":"2020-10-05T20:17:43.662Z"}
{"message":"No result found, there is no such email registeredemail not found: TypeError: Cannot read property 'id' of null","level":"error","timestamp":"2020-10-05T20:17:45.464Z"}
{"message":"No result found, there is no such email registeredemail not found: TypeError: Cannot read property 'id' of null","level":"error","timestamp":"2020-10-05T20:17:47.885Z"}
{"message":"No result found, there is no such email registeredemail not found: TypeError: Cannot read property 'id' of null","level":"error","timestamp":"2020-10-05T20:17:49.953Z"}
{"message":"Something bad happendemail not found: TypeError: Cannot read property 'id' of null","level":"error","timestamp":"2020-10-05T20:18:37.652Z"}
{"message":"Search Result Found","level":"info","timestamp":"2020-10-05T20:20:07.911Z"}
{"message":"Search Result Found","level":"info","timestamp":"2020-10-05T20:20:39.562Z"}
{"message":"Search Result Found","level":"info","timestamp":"2020-10-05T20:21:05.725Z"}
{"message":"Search Result Found","level":"info","timestamp":"2020-10-05T20:21:09.859Z"}
{"message":"Search Result Found","level":"info","timestamp":"2020-10-05T20:21:10.279Z"}{"message":"Something bad happendemail not found: TypeError: Cannot read property 'dataValues' of null","level":"error","timestamp":"2020-10-05T20:25:56.307Z"}
{"message":"Search Result Found","level":"info","timestamp":"2020-10-05T20:26:58.383Z"}
{"message":"Search Result Found","level":"info","timestamp":"2020-10-05T20:27:23.799Z"}
{"message":"Search Result Found","level":"info","timestamp":"2020-10-05T20:27:51.487Z"}
{"message":"Something bad happendemail not found: TypeError: Cannot read property 'id' of null","level":"error","timestamp":"2020-10-05T20:28:41.927Z"}
{"message":"Search Result Found","level":"info","timestamp":"2020-10-05T20:28:52.052Z"}
{"message":"Something bad happendemail not found: TypeError: Cannot read property 'dataValues' of null","level":"error","timestamp":"2020-10-05T20:29:27.759Z"}
{"message":"Something bad happendemail not found: TypeError: Cannot read property 'id' of null","level":"error","timestamp":"2020-10-05T20:29:35.578Z"}
{"message":"Search Result Found","level":"info","timestamp":"2020-10-05T20:29:41.788Z"}
{"message":"Search Result Found","level":"info","timestamp":"2020-10-05T20:29:57.095Z"}
{"message":"Search Result Found","level":"info","timestamp":"2020-10-05T20:30:27.906Z"}
{"message":"Search Result Found","level":"info","timestamp":"2020-10-05T20:31:18.950Z"}
{"message":"Search Result Found","level":"info","timestamp":"2020-10-05T20:32:16.669Z"}
{"message":"Search Result Found","level":"info","timestamp":"2020-10-05T20:33:55.354Z"}
{"message":"Search Result Found","level":"info","timestamp":"2020-10-05T20:34:24.933Z"}
{"message":"Something bad happendemail not found: SequelizeDatabaseError: column user.login_key does not exist","level":"error","timestamp":"2020-10-05T20:35:38.177Z"}
{"message":"Something bad happendemail not found: TypeError: Cannot read property 'dataValues' of null","level":"error","timestamp":"2020-10-05T20:35:54.237Z"}
{"message":"Something bad happendemail not found: TypeError: Cannot read property 'id' of null","level":"error","timestamp":"2020-10-05T20:36:24.930Z"}
{"message":"Search Result Found","level":"info","timestamp":"2020-10-05T20:36:29.570Z"}
{"message":"Something bad happendTypeError: collaborator.finduser is not a function","level":"error","timestamp":"2020-10-05T20:37:44.396Z"}
{"message":"Search Result Found","level":"info","timestamp":"2020-10-05T20:37:54.409Z"}
{"message":"Search Result Found","level":"info","timestamp":"2020-10-05T20:55:53.182Z"}
{"message":"Something bad happendTypeError: Cannot read property 'then' of undefined","level":"error","timestamp":"2020-10-05T20:56:11.521Z"}
{"message":"Something bad happendTypeError: Cannot read property 'then' of undefined","level":"error","timestamp":"2020-10-05T20:56:20.377Z"}
{"message":"Search Result Found","level":"info","timestamp":"2020-10-05T20:56:28.976Z"}
{"message":"Search Result Found","level":"info","timestamp":"2020-10-05T20:56:43.678Z"}
{"message":"Search Result Found","level":"info","timestamp":"2020-10-05T20:57:09.165Z"}
{"message":"Search Result Found","level":"info","timestamp":"2020-10-05T20:57:32.813Z"}
{"message":"Search Result Found","level":"info","timestamp":"2020-10-05T20:58:01.235Z"}
{"message":"Something bad happendemail not found: TypeError: Cannot read property 'dataValues' of null","level":"error","timestamp":"2020-10-05T21:00:17.752Z"}
{"message":"Search Result Found","level":"info","timestamp":"2020-10-05T21:00:43.895Z"}
{"message":"Search Result Found","level":"info","timestamp":"2020-10-05T21:01:03.536Z"}
{"message":"Something bad happendemail not found: ReferenceError: data is not defined","level":"error","timestamp":"2020-10-05T21:01:12.051Z"}
{"message":"Search Result Found","level":"info","timestamp":"2020-10-05T21:01:22.228Z"}
{"message":"Search Result Found","level":"info","timestamp":"2020-10-05T21:02:11.656Z"}
{"message":"Search Result Found","level":"info","timestamp":"2020-10-05T21:52:15.096Z"}
{"message":"Search Result Found","level":"info","timestamp":"2020-10-05T21:52:19.460Z"}
{"message":"Search Result Found","level":"info","timestamp":"2020-10-05T21:52:19.826Z"}
{"message":"Search Result Found","level":"info","timestamp":"2020-10-05T21:52:20.768Z"}
{"message":"congrats You Are Successsfully set Collaborator","level":"info","timestamp":"2020-10-05T22:02:40.978Z"}
{"message":"congrats You Are Successsfully set Collaborator","level":"info","timestamp":"2020-10-05T22:03:21.819Z"}
{"message":"congrats You Are Successsfully set Collaborator","level":"info","timestamp":"2020-10-05T22:04:55.633Z"}
{"message":"congrats You Are Successsfully set Collaborator","level":"info","timestamp":"2020-10-05T22:05:39.393Z"}
{"message":"congrats You Are Successsfully set Collaborator","level":"info","timestamp":"2020-10-05T22:05:52.524Z"}
{"message":"congrats You Are Successsfully set Collaborator","level":"info","timestamp":"2020-10-05T22:06:42.786Z"}
{"message":"congrats You Are Successsfully set Collaborator","level":"info","timestamp":"2020-10-05T22:12:40.720Z"}
{"message":"congrats You Are Successsfully set Collaborator","level":"info","timestamp":"2020-10-05T22:12:47.581Z"}
{"message":"congrats You Are Successsfully set Collaborator","level":"info","timestamp":"2020-10-05T22:13:25.119Z"}
{"message":"congrats You Are Successsfully set Collaborator","level":"info","timestamp":"2020-10-05T22:14:45.548Z"}
{"message":"congrats You Are Successsfully set Collaborator","level":"info","timestamp":"2020-10-05T22:16:42.076Z"}
{"message":"Search Result Found","level":"info","timestamp":"2020-10-06T04:17:34.092Z"}
{"message":"congrats You Are Successsfully set Collaborator","level":"info","timestamp":"2020-10-06T04:21:27.447Z"}
{"message":"congrats You Are Successsfully set Collaborator","level":"info","timestamp":"2020-10-06T04:22:07.374Z"}
{"message":"congrats You Are Successsfully set Collaborator","level":"info","timestamp":"2020-10-06T04:22:12.003Z"}
{"message":"Search Result Found","level":"info","timestamp":"2020-10-06T04:51:34.430Z"}
{"message":"login token has verified","level":"info","timestamp":"2020-10-06T05:02:45.548Z"}
{"message":"error while removing label error: Error: WHERE parameter \"id\" has invalid \"undefined\" value","level":"error","timestamp":"2020-10-06T05:02:45.565Z"}
{"message":"login token has verified","level":"info","timestamp":"2020-10-06T05:04:57.109Z"}
{"message":"error while removing label error: Error: WHERE parameter \"id\" has invalid \"undefined\" value","level":"error","timestamp":"2020-10-06T05:04:57.135Z"}
{"message":"login token has verified","level":"info","timestamp":"2020-10-06T05:05:03.135Z"}
{"message":"error while removing label error: Error: WHERE parameter \"id\" has invalid \"undefined\" value","level":"error","timestamp":"2020-10-06T05:05:03.140Z"}
{"message":"login token has verified","level":"info","timestamp":"2020-10-06T05:05:24.820Z"}
{"message":"error while removing label error: Error: WHERE parameter \"id\" has invalid \"undefined\" value","level":"error","timestamp":"2020-10-06T05:05:24.841Z"}
{"message":"login token has verified","level":"info","timestamp":"2020-10-06T05:05:35.428Z"}
{"message":"congrats You Are Successsfully removed the label","level":"info","timestamp":"2020-10-06T05:05:35.492Z"}
{"message":"login token has verified","level":"info","timestamp":"2020-10-06T05:09:18.805Z"}
{"message":"congrats You Are Successsfully added the label","level":"info","timestamp":"2020-10-06T05:09:18.811Z"}
{"message":"login token has verified","level":"info","timestamp":"2020-10-06T05:09:49.954Z"}
{"message":"congrats You Are Successsfully added the label","level":"info","timestamp":"2020-10-06T05:09:49.962Z"}
{"message":"login token has verified","level":"info","timestamp":"2020-10-06T05:11:32.325Z"}
{"message":"congrats You Are Successsfully added the label","level":"info","timestamp":"2020-10-06T05:11:32.348Z"}
{"message":"Search Result Found","level":"info","timestamp":"2020-10-06T05:19:14.936Z"}
{"message":"Search Result Found","level":"info","timestamp":"2020-10-06T05:20:21.923Z"}
{"message":"Search Result Found","level":"info","timestamp":"2020-10-06T05:20:41.352Z"}
{"message":"Search Result Found","level":"info","timestamp":"2020-10-06T05:21:13.417Z"}
{"message":"Search Result Found","level":"info","timestamp":"2020-10-06T05:21:19.643Z"}
{"message":"Search Result Found","level":"info","timestamp":"2020-10-06T05:21:28.213Z"}
{"message":"Search Result Found","level":"info","timestamp":"2020-10-06T05:23:50.373Z"}
{"message":"Search Result Found","level":"info","timestamp":"2020-10-06T05:25:16.646Z"}
{"message":"Something bad happendemail not found: TypeError: Cannot read property 'dataValue' of null","level":"error","timestamp":"2020-10-06T05:25:37.086Z"}
{"message":"Search Result Found","level":"info","timestamp":"2020-10-06T05:25:47.254Z"}
{"message":"Search Result Found","level":"info","timestamp":"2020-10-06T05:26:07.097Z"}
{"message":"login token has verified","level":"info","timestamp":"2020-10-06T05:37:00.090Z"}
{"message":"updetion failed. Error: WHERE parameter \"id\" has invalid \"undefined\" value","level":"error","timestamp":"2020-10-06T05:37:00.207Z"}
{"message":"login token has verified","level":"info","timestamp":"2020-10-06T05:37:14.264Z"}
{"message":"congrats You Are Successsfully updated the note","level":"info","timestamp":"2020-10-06T05:37:14.529Z"}
{"message":"login token has verified","level":"info","timestamp":"2020-10-06T05:44:37.756Z"}
{"message":"updetion failed. Error: WHERE parameter \"id\" has invalid \"undefined\" value","level":"error","timestamp":"2020-10-06T05:44:37.762Z"}
{"message":"All messages sent...","level":"error","timestamp":"2020-10-06T05:48:59.444Z"}
{"level":"info","message":"Delivered message %s","timestamp":"2020-10-06T05:49:03.618Z"}
{"message":"All messages sent...","level":"error","timestamp":"2020-10-06T05:55:15.010Z"}
{"level":"info","message":"Delivered message %s","timestamp":"2020-10-06T05:55:18.059Z"}
{"level":"info","message":"Delivered message %s","timestamp":"2020-10-06T05:55:20.874Z"}
{"level":"info","message":"Delivered message %s","timestamp":"2020-10-06T05:55:23.893Z"}
{"level":"info","message":"Delivered message %s","timestamp":"2020-10-06T05:55:26.933Z"}
{"level":"info","message":"Delivered message %s","timestamp":"2020-10-06T05:55:29.832Z"}
{"level":"info","message":"Delivered message %s","timestamp":"2020-10-06T05:55:32.898Z"}
{"level":"info","message":"Delivered message %s","timestamp":"2020-10-06T05:55:35.875Z"}
{"level":"info","message":"Delivered message %s","timestamp":"2020-10-06T05:55:38.734Z"}
{"level":"info","message":"Delivered message %s","timestamp":"2020-10-06T05:55:41.700Z"}
{"level":"info","message":"Delivered message %s","timestamp":"2020-10-06T05:55:44.841Z"}
{"message":"Search Result Found","level":"info","timestamp":"2020-10-07T01:28:42.388Z"}
{"message":"Search Result Found","level":"info","timestamp":"2020-10-07T01:30:19.428Z"}
{"message":"Search Result Found","level":"info","timestamp":"2020-10-07T01:30:33.941Z"}
{"message":"Search Result Found","level":"info","timestamp":"2020-10-07T01:31:12.270Z"}
{"message":"Search Result Found","level":"info","timestamp":"2020-10-07T01:31:19.227Z"}
{"message":"Search Result Found","level":"info","timestamp":"2020-10-07T01:31:36.843Z"}
{"message":"Search Result Found","level":"info","timestamp":"2020-10-07T01:31:55.252Z"}
{"message":"Search Result Found","level":"info","timestamp":"2020-10-07T01:32:28.469Z"}
{"message":"Search Result Found","level":"info","timestamp":"2020-10-07T01:32:50.672Z"}
{"message":"Search Result Found","level":"info","timestamp":"2020-10-07T01:33:07.523Z"}
{"message":"Search Result Found","level":"info","timestamp":"2020-10-07T01:33:13.414Z"}
{"message":"Something bad happendenter correct email","level":"error","timestamp":"2020-10-07T01:34:03.145Z"}
{"message":"Search Result Found","level":"info","timestamp":"2020-10-07T01:34:23.207Z"}
{"message":"Search Result Found","level":"info","timestamp":"2020-10-07T01:34:32.617Z"}
{"message":"Something bad happendenter correct email","level":"error","timestamp":"2020-10-07T01:34:37.090Z"}
{"message":"Something bad happend enter correct email","level":"error","timestamp":"2020-10-07T01:35:13.040Z"}
{"message":"Something bad happend enter correct email","level":"error","timestamp":"2020-10-07T01:35:52.652Z"}
{"message":"Something bad happend enter correct email","level":"error","timestamp":"2020-10-07T01:36:10.718Z"}
{"message":"Search Result Found","level":"info","timestamp":"2020-10-07T01:36:15.173Z"}
{"message":"Search Result Found","level":"info","timestamp":"2020-10-07T01:36:45.183Z"}
{"message":"Something bad happend enter correct email","level":"error","timestamp":"2020-10-07T03:03:01.064Z"}
{"message":"Something bad happend enter correct email","level":"error","timestamp":"2020-10-07T03:03:36.574Z"}
{"message":"Something bad happend enter correct email","level":"error","timestamp":"2020-10-07T03:03:54.173Z"}
{"message":"Something bad happend enter correct email","level":"error","timestamp":"2020-10-07T03:04:09.377Z"}
{"message":"Search Result Found","level":"info","timestamp":"2020-10-07T03:04:19.846Z"}
{"message":"Search Result Found","level":"info","timestamp":"2020-10-07T03:04:28.020Z"}
{"message":"Search Result Found","level":"info","timestamp":"2020-10-07T03:04:47.231Z"}
{"message":"Search Result Found","level":"info","timestamp":"2020-10-07T03:05:01.149Z"}
{"message":"Search Result Found","level":"info","timestamp":"2020-10-07T03:05:14.730Z"}
{"message":"Search Result Found","level":"info","timestamp":"2020-10-07T03:05:22.805Z"}
{"message":"Search Result Found","level":"info","timestamp":"2020-10-07T03:05:55.893Z"}
{"message":"Search Result Found","level":"info","timestamp":"2020-10-07T03:06:07.640Z"}
{"message":"Search Result Found","level":"info","timestamp":"2020-10-07T03:06:27.254Z"}
{"message":"Some issu is colaborationReferenceError: email is not defined","level":"error","timestamp":"2020-10-07T03:07:48.676Z"}
{"message":"Some issu is colaborationemail not found: Error in create collaborator","level":"error","timestamp":"2020-10-07T03:08:50.638Z"}
{"message":"Some issu is colaborationemail not found: Error in create collaborator","level":"error","timestamp":"2020-10-07T03:09:11.333Z"}
{"message":"Some issu is colaborationemail not found: Error in create collaborator","level":"error","timestamp":"2020-10-07T03:09:30.970Z"}
{"message":"Some issu is colaborationemail not found: Error in create collaborator","level":"error","timestamp":"2020-10-07T03:09:52.580Z"}
{"message":"Some issu is colaborationemail not found: Error in create collaborator","level":"error","timestamp":"2020-10-07T03:10:25.832Z"}
{"message":"Some issu is colaborationemail not found: Error in create collaborator","level":"error","timestamp":"2020-10-07T03:10:46.284Z"}
{"message":"Some issu is colaborationemail not found: Error in create collaborator","level":"error","timestamp":"2020-10-07T03:10:59.079Z"}
{"message":"Some issu is colaborationemail not found: Error in create collaborator","level":"error","timestamp":"2020-10-07T03:11:12.066Z"}
{"message":"Some issu is colaborationemail not found: Error in create collaborator","level":"error","timestamp":"2020-10-07T03:11:21.472Z"}
{"message":"Some issu is colaborationemail not found: Error in create collaborator","level":"error","timestamp":"2020-10-07T03:11:29.620Z"}
{"message":"Some issu is colaborationemail not found: Error in create collaborator","level":"error","timestamp":"2020-10-07T03:12:01.748Z"}
{"message":"Some issu is colaborationemail not found: Error in create collaborator","level":"error","timestamp":"2020-10-07T03:12:04.477Z"}
{"message":"Some issu is colaborationemail not found: Error in create collaborator","level":"error","timestamp":"2020-10-07T03:12:10.856Z"}
{"message":"Some issu is colaborationemail not found: Error in create collaborator","level":"error","timestamp":"2020-10-07T03:12:35.444Z"}
{"message":"Some issu is colaborationemail not found: Error in create collaborator","level":"error","timestamp":"2020-10-07T03:12:50.961Z"}
{"message":"Some issu is colaborationemail not found: Error in create collaborator","level":"error","timestamp":"2020-10-07T03:13:58.365Z"}
{"message":"Something bad happendReferenceError: mail is not defined","level":"error","timestamp":"2020-10-07T03:14:13.266Z"}
{"message":"Some issu is colaborationemail not found: Error in create collaborator","level":"error","timestamp":"2020-10-07T03:14:30.887Z"}
{"message":"congrats You Are Successsfully set Collaborator","level":"info","timestamp":"2020-10-07T03:14:46.959Z"}
{"message":"Some issu is colaboration: email not found: TypeError: Cannot read property 'id' of null","level":"error","timestamp":"2020-10-07T03:16:19.386Z"}
{"message":"Some issu is colaboration: email not found: TypeError: Cannot read property 'id' of nullemail not found: TypeError: Cannot read property 'id' of null","level":"error","timestamp":"2020-10-07T03:16:37.085Z"}
{"message":"Some issu is colaboration: email not found: SequelizeDatabaseError: column user.email does not existemail not found: SequelizeDatabaseError: column user.email does not exist","level":"error","timestamp":"2020-10-07T04:24:17.641Z"}
{"message":"Some issu is colaboration: email not found: SequelizeDatabaseError: column user.email does not existemail not found: SequelizeDatabaseError: column user.email does not exist","level":"error","timestamp":"2020-10-07T04:24:55.672Z"}
{"message":"Some issu is colaboration: email not found: SequelizeDatabaseError: column user.email does not existemail not found: SequelizeDatabaseError: column user.email does not exist","level":"error","timestamp":"2020-10-07T04:26:27.027Z"}
{"message":"Some issu is colaboration: email not found: SequelizeDatabaseError: column user.email does not existemail not found: SequelizeDatabaseError: column user.email does not exist","level":"error","timestamp":"2020-10-07T04:27:18.941Z"}
{"message":"Some issu is colaboration: email not found: SequelizeDatabaseError: column user.email does not existemail not found: SequelizeDatabaseError: column user.email does not exist","level":"error","timestamp":"2020-10-07T04:27:58.686Z"}
{"message":"Some issu is colaboration: email not found: SequelizeDatabaseError: column user.email does not existemail not found: SequelizeDatabaseError: column user.email does not exist","level":"error","timestamp":"2020-10-07T04:28:22.825Z"}
{"message":"Some issu is colaboration: email not found: SequelizeDatabaseError: column \"createdAt\" of relation \"collaborators\" does not existemail not found: SequelizeDatabaseError: column \"createdAt\" of relation \"collaborators\" does not exist","level":"error","timestamp":"2020-10-07T04:28:35.255Z"}
{"message":"Some issu is colaboration: email not found: SequelizeDatabaseError: column \"updatedAt\" of relation \"collaborators\" does not existemail not found: SequelizeDatabaseError: column \"updatedAt\" of relation \"collaborators\" does not exist","level":"error","timestamp":"2020-10-07T04:29:30.298Z"}
{"message":"Some issu is colaboration: email not found: SequelizeDatabaseError: null value in column \"id\" violates not-null constraintemail not found: SequelizeDatabaseError: null value in column \"id\" violates not-null constraint","level":"error","timestamp":"2020-10-07T04:29:51.715Z"}
{"message":"congrats You Are Successsfully set Collaborator","level":"info","timestamp":"2020-10-07T04:30:19.454Z"}
{"message":"congrats You Are Successsfully set Collaborator","level":"info","timestamp":"2020-10-07T04:31:32.845Z"}
